\BOOKMARK [0][-]{chapter.1}{\376\377\0001\000\040\000P\000r\000o\000y\000e\000c\000t\000o\0003\000A\000\137\000A\000n\000d\000r\000o\000i\000d}{}% 1
\BOOKMARK [1][-]{section.1.1}{\376\377\0001\000.\0001\000\040\000F\000u\000n\000c\000i\000o\000n\000a\000l\000i\000d\000a\000d\000e\000s}{chapter.1}% 2
\BOOKMARK [1][-]{section.1.2}{\376\377\0001\000.\0002\000\040\000R\000e\000q\000u\000i\000s\000i\000t\000o\000s}{chapter.1}% 3
\BOOKMARK [1][-]{section.1.3}{\376\377\0001\000.\0003\000\040\000E\000s\000t\000r\000u\000c\000t\000u\000r\000a\000\040\000d\000e\000l\000\040\000P\000r\000o\000y\000e\000c\000t\000o}{chapter.1}% 4
\BOOKMARK [2][-]{subsection.1.3.1}{\376\377\0001\000.\0003\000.\0001\000\040\000E\000s\000t\000r\000u\000c\000t\000u\000r\000a\000\040\000d\000e\000\040\000l\000a\000\040\000B\000a\000s\000e\000\040\000d\000e\000\040\000D\000a\000t\000o\000s}{section.1.3}% 5
\BOOKMARK [1][-]{section.1.4}{\376\377\0001\000.\0004\000\040\000I\000n\000s\000t\000a\000l\000a\000c\000i\000\363\000n}{chapter.1}% 6
\BOOKMARK [1][-]{section.1.5}{\376\377\0001\000.\0005\000\040\000U\000s\000o}{chapter.1}% 7
\BOOKMARK [1][-]{section.1.6}{\376\377\0001\000.\0006\000\040\000C\000o\000n\000t\000r\000i\000b\000u\000c\000i\000o\000n\000e\000s}{chapter.1}% 8
\BOOKMARK [1][-]{section.1.7}{\376\377\0001\000.\0007\000\040\000L\000i\000c\000e\000n\000c\000i\000a}{chapter.1}% 9
\BOOKMARK [0][-]{chapter.2}{\376\377\0002\000\040\000\315\000n\000d\000i\000c\000e\000\040\000d\000e\000\040\000e\000s\000p\000a\000c\000i\000o\000s\000\040\000d\000e\000\040\000n\000o\000m\000b\000r\000e\000s}{}% 10
\BOOKMARK [1][-]{section.2.1}{\376\377\0002\000.\0001\000\040\000L\000i\000s\000t\000a\000\040\000d\000e\000\040\000e\000s\000p\000a\000c\000i\000o\000s\000\040\000d\000e\000\040\000n\000o\000m\000b\000r\000e\000s}{chapter.2}% 11
\BOOKMARK [0][-]{chapter.3}{\376\377\0003\000\040\000\315\000n\000d\000i\000c\000e\000\040\000j\000e\000r\000\341\000r\000q\000u\000i\000c\000o}{}% 12
\BOOKMARK [1][-]{section.3.1}{\376\377\0003\000.\0001\000\040\000J\000e\000r\000a\000r\000q\000u\000\355\000a\000\040\000d\000e\000\040\000c\000l\000a\000s\000e\000s}{chapter.3}% 13
\BOOKMARK [0][-]{chapter.4}{\376\377\0004\000\040\000\315\000n\000d\000i\000c\000e\000\040\000d\000e\000\040\000c\000l\000a\000s\000e\000s}{}% 14
\BOOKMARK [1][-]{section.4.1}{\376\377\0004\000.\0001\000\040\000L\000i\000s\000t\000a\000\040\000d\000e\000\040\000c\000l\000a\000s\000e\000s}{chapter.4}% 15
\BOOKMARK [0][-]{chapter.5}{\376\377\0005\000\040\000\315\000n\000d\000i\000c\000e\000\040\000d\000e\000\040\000a\000r\000c\000h\000i\000v\000o\000s}{}% 16
\BOOKMARK [1][-]{section.5.1}{\376\377\0005\000.\0001\000\040\000L\000i\000s\000t\000a\000\040\000d\000e\000\040\000a\000r\000c\000h\000i\000v\000o\000s}{chapter.5}% 17
\BOOKMARK [0][-]{chapter.6}{\376\377\0006\000\040\000D\000o\000c\000u\000m\000e\000n\000t\000a\000c\000i\000\363\000n\000\040\000d\000e\000\040\000e\000s\000p\000a\000c\000i\000o\000s\000\040\000d\000e\000\040\000n\000o\000m\000b\000r\000e\000s}{}% 18
\BOOKMARK [1][-]{section.6.1}{\376\377\0006\000.\0001\000\040\000P\000a\000q\000u\000e\000t\000e\000\040\000c\000o\000m\000.\000e\000x\000a\000m\000p\000l\000e\000.\000u\000s\000u\000a\000r\000i\000o\000\137\000u\000p\000v\000.\000p\000r\000o\000y\000e\000c\000t\000o\0003\000a}{chapter.6}% 19
\BOOKMARK [0][-]{chapter.7}{\376\377\0007\000\040\000D\000o\000c\000u\000m\000e\000n\000t\000a\000c\000i\000\363\000n\000\040\000d\000e\000\040\000c\000l\000a\000s\000e\000s}{}% 20
\BOOKMARK [1][-]{section.7.1}{\376\377\0007\000.\0001\000\040\000R\000e\000f\000e\000r\000e\000n\000c\000i\000a\000\040\000d\000e\000\040\000l\000a\000\040\000c\000l\000a\000s\000e\000\040\000c\000o\000m\000.\000e\000x\000a\000m\000p\000l\000e\000.\000u\000s\000u\000a\000r\000i\000o\000\137\000u\000p\000v\000.\000p\000r\000o\000y\000e\000c\000t\000o\0003\000a\000.\000A\000c\000e\000r\000c\000a\000D\000e\000A\000c\000t\000i\000v\000i\000t\000y}{chapter.7}% 21
\BOOKMARK [2][-]{subsection.7.1.1}{\376\377\0007\000.\0001\000.\0001\000\040\000D\000e\000s\000c\000r\000i\000p\000c\000i\000\363\000n\000\040\000d\000e\000t\000a\000l\000l\000a\000d\000a}{section.7.1}% 22
\BOOKMARK [2][-]{subsection.7.1.2}{\376\377\0007\000.\0001\000.\0002\000\040\000D\000o\000c\000u\000m\000e\000n\000t\000a\000c\000i\000\363\000n\000\040\000d\000e\000\040\000f\000u\000n\000c\000i\000o\000n\000e\000s\000\040\000m\000i\000e\000m\000b\000r\000o}{section.7.1}% 23
\BOOKMARK [3][-]{subsubsection.7.1.2.1}{\376\377\0007\000.\0001\000.\0002\000.\0001\000\040\000o\000n\000C\000r\000e\000a\000t\000e\000\050\000\051}{subsection.7.1.2}% 24
\BOOKMARK [1][-]{section.7.2}{\376\377\0007\000.\0002\000\040\000R\000e\000f\000e\000r\000e\000n\000c\000i\000a\000\040\000d\000e\000\040\000l\000a\000\040\000c\000l\000a\000s\000e\000\040\000c\000o\000m\000.\000e\000x\000a\000m\000p\000l\000e\000.\000u\000s\000u\000a\000r\000i\000o\000\137\000u\000p\000v\000.\000p\000r\000o\000y\000e\000c\000t\000o\0003\000a\000.\000A\000j\000u\000s\000t\000e}{chapter.7}% 25
\BOOKMARK [2][-]{subsection.7.2.1}{\376\377\0007\000.\0002\000.\0001\000\040\000D\000e\000s\000c\000r\000i\000p\000c\000i\000\363\000n\000\040\000d\000e\000t\000a\000l\000l\000a\000d\000a}{section.7.2}% 26
\BOOKMARK [2][-]{subsection.7.2.2}{\376\377\0007\000.\0002\000.\0002\000\040\000D\000o\000c\000u\000m\000e\000n\000t\000a\000c\000i\000\363\000n\000\040\000d\000e\000\040\000c\000o\000n\000s\000t\000r\000u\000c\000t\000o\000r\000e\000s\000\040\000y\000\040\000d\000e\000s\000t\000r\000u\000c\000t\000o\000r\000e\000s}{section.7.2}% 27
\BOOKMARK [3][-]{subsubsection.7.2.2.1}{\376\377\0007\000.\0002\000.\0002\000.\0001\000\040\000A\000j\000u\000s\000t\000e\000\050\000\051}{subsection.7.2.2}% 28
\BOOKMARK [2][-]{subsection.7.2.3}{\376\377\0007\000.\0002\000.\0003\000\040\000D\000o\000c\000u\000m\000e\000n\000t\000a\000c\000i\000\363\000n\000\040\000d\000e\000\040\000f\000u\000n\000c\000i\000o\000n\000e\000s\000\040\000m\000i\000e\000m\000b\000r\000o}{section.7.2}% 29
\BOOKMARK [3][-]{subsubsection.7.2.3.1}{\376\377\0007\000.\0002\000.\0003\000.\0001\000\040\000g\000e\000t\000I\000m\000a\000g\000e\000n\000\050\000\051}{subsection.7.2.3}% 30
\BOOKMARK [3][-]{subsubsection.7.2.3.2}{\376\377\0007\000.\0002\000.\0003\000.\0002\000\040\000g\000e\000t\000T\000e\000x\000t\000o\000\050\000\051}{subsection.7.2.3}% 31
\BOOKMARK [1][-]{section.7.3}{\376\377\0007\000.\0003\000\040\000R\000e\000f\000e\000r\000e\000n\000c\000i\000a\000\040\000d\000e\000\040\000l\000a\000\040\000c\000l\000a\000s\000e\000\040\000c\000o\000m\000.\000e\000x\000a\000m\000p\000l\000e\000.\000u\000s\000u\000a\000r\000i\000o\000\137\000u\000p\000v\000.\000p\000r\000o\000y\000e\000c\000t\000o\0003\000a\000.\000A\000j\000u\000s\000t\000e\000s\000A\000d\000a\000p\000t\000e\000r}{chapter.7}% 32
\BOOKMARK [2][-]{subsection.7.3.1}{\376\377\0007\000.\0003\000.\0001\000\040\000D\000e\000s\000c\000r\000i\000p\000c\000i\000\363\000n\000\040\000d\000e\000t\000a\000l\000l\000a\000d\000a}{section.7.3}% 33
\BOOKMARK [2][-]{subsection.7.3.2}{\376\377\0007\000.\0003\000.\0002\000\040\000D\000o\000c\000u\000m\000e\000n\000t\000a\000c\000i\000\363\000n\000\040\000d\000e\000\040\000c\000o\000n\000s\000t\000r\000u\000c\000t\000o\000r\000e\000s\000\040\000y\000\040\000d\000e\000s\000t\000r\000u\000c\000t\000o\000r\000e\000s}{section.7.3}% 34
\BOOKMARK [3][-]{subsubsection.7.3.2.1}{\376\377\0007\000.\0003\000.\0002\000.\0001\000\040\000A\000j\000u\000s\000t\000e\000s\000A\000d\000a\000p\000t\000e\000r\000\050\000\051}{subsection.7.3.2}% 35
\BOOKMARK [2][-]{subsection.7.3.3}{\376\377\0007\000.\0003\000.\0003\000\040\000D\000o\000c\000u\000m\000e\000n\000t\000a\000c\000i\000\363\000n\000\040\000d\000e\000\040\000f\000u\000n\000c\000i\000o\000n\000e\000s\000\040\000m\000i\000e\000m\000b\000r\000o}{section.7.3}% 36
\BOOKMARK [3][-]{subsubsection.7.3.3.1}{\376\377\0007\000.\0003\000.\0003\000.\0001\000\040\000g\000e\000t\000I\000t\000e\000m\000C\000o\000u\000n\000t\000\050\000\051}{subsection.7.3.3}% 37
\BOOKMARK [3][-]{subsubsection.7.3.3.2}{\376\377\0007\000.\0003\000.\0003\000.\0002\000\040\000o\000n\000B\000i\000n\000d\000V\000i\000e\000w\000H\000o\000l\000d\000e\000r\000\050\000\051}{subsection.7.3.3}% 38
\BOOKMARK [3][-]{subsubsection.7.3.3.3}{\376\377\0007\000.\0003\000.\0003\000.\0003\000\040\000o\000n\000C\000r\000e\000a\000t\000e\000V\000i\000e\000w\000H\000o\000l\000d\000e\000r\000\050\000\051}{subsection.7.3.3}% 39
\BOOKMARK [1][-]{section.7.4}{\376\377\0007\000.\0004\000\040\000R\000e\000f\000e\000r\000e\000n\000c\000i\000a\000\040\000d\000e\000\040\000l\000a\000\040\000c\000l\000a\000s\000e\000\040\000c\000o\000m\000.\000e\000x\000a\000m\000p\000l\000e\000.\000u\000s\000u\000a\000r\000i\000o\000\137\000u\000p\000v\000.\000p\000r\000o\000y\000e\000c\000t\000o\0003\000a\000.\000A\000l\000e\000r\000t\000A\000c\000t\000i\000v\000i\000t\000y}{chapter.7}% 40
\BOOKMARK [2][-]{subsection.7.4.1}{\376\377\0007\000.\0004\000.\0001\000\040\000D\000e\000s\000c\000r\000i\000p\000c\000i\000\363\000n\000\040\000d\000e\000t\000a\000l\000l\000a\000d\000a}{section.7.4}% 41
\BOOKMARK [2][-]{subsection.7.4.2}{\376\377\0007\000.\0004\000.\0002\000\040\000D\000o\000c\000u\000m\000e\000n\000t\000a\000c\000i\000\363\000n\000\040\000d\000e\000\040\000f\000u\000n\000c\000i\000o\000n\000e\000s\000\040\000m\000i\000e\000m\000b\000r\000o}{section.7.4}% 42
\BOOKMARK [3][-]{subsubsection.7.4.2.1}{\376\377\0007\000.\0004\000.\0002\000.\0001\000\040\000o\000n\000C\000r\000e\000a\000t\000e\000\050\000\051}{subsection.7.4.2}% 43
\BOOKMARK [3][-]{subsubsection.7.4.2.2}{\376\377\0007\000.\0004\000.\0002\000.\0002\000\040\000o\000n\000C\000r\000e\000a\000t\000e\000O\000p\000t\000i\000o\000n\000s\000M\000e\000n\000u\000\050\000\051}{subsection.7.4.2}% 44
\BOOKMARK [3][-]{subsubsection.7.4.2.3}{\376\377\0007\000.\0004\000.\0002\000.\0003\000\040\000o\000n\000D\000e\000s\000t\000r\000o\000y\000\050\000\051}{subsection.7.4.2}% 45
\BOOKMARK [3][-]{subsubsection.7.4.2.4}{\376\377\0007\000.\0004\000.\0002\000.\0004\000\040\000o\000n\000E\000l\000i\000m\000i\000n\000a\000r\000A\000l\000e\000r\000t\000a\000\050\000\051}{subsection.7.4.2}% 46
\BOOKMARK [3][-]{subsubsection.7.4.2.5}{\376\377\0007\000.\0004\000.\0002\000.\0005\000\040\000o\000n\000O\000p\000t\000i\000o\000n\000s\000I\000t\000e\000m\000S\000e\000l\000e\000c\000t\000e\000d\000\050\000\051}{subsection.7.4.2}% 47
\BOOKMARK [1][-]{section.7.5}{\376\377\0007\000.\0005\000\040\000R\000e\000f\000e\000r\000e\000n\000c\000i\000a\000\040\000d\000e\000\040\000l\000a\000\040\000c\000l\000a\000s\000e\000\040\000c\000o\000m\000.\000e\000x\000a\000m\000p\000l\000e\000.\000u\000s\000u\000a\000r\000i\000o\000\137\000u\000p\000v\000.\000p\000r\000o\000y\000e\000c\000t\000o\0003\000a\000.\000A\000l\000e\000r\000t\000a\000D\000a\000t\000a}{chapter.7}% 48
\BOOKMARK [2][-]{subsection.7.5.1}{\376\377\0007\000.\0005\000.\0001\000\040\000D\000e\000s\000c\000r\000i\000p\000c\000i\000\363\000n\000\040\000d\000e\000t\000a\000l\000l\000a\000d\000a}{section.7.5}% 49
\BOOKMARK [2][-]{subsection.7.5.2}{\376\377\0007\000.\0005\000.\0002\000\040\000D\000o\000c\000u\000m\000e\000n\000t\000a\000c\000i\000\363\000n\000\040\000d\000e\000\040\000f\000u\000n\000c\000i\000o\000n\000e\000s\000\040\000m\000i\000e\000m\000b\000r\000o}{section.7.5}% 50
\BOOKMARK [3][-]{subsubsection.7.5.2.1}{\376\377\0007\000.\0005\000.\0002\000.\0001\000\040\000g\000e\000t\000C\000o\000d\000i\000g\000o\000\050\000\051}{subsection.7.5.2}% 51
\BOOKMARK [3][-]{subsubsection.7.5.2.2}{\376\377\0007\000.\0005\000.\0002\000.\0002\000\040\000g\000e\000t\000I\000d\000\050\000\051}{subsection.7.5.2}% 52
\BOOKMARK [3][-]{subsubsection.7.5.2.3}{\376\377\0007\000.\0005\000.\0002\000.\0003\000\040\000g\000e\000t\000L\000o\000c\000a\000t\000i\000o\000n\000\050\000\051}{subsection.7.5.2}% 53
\BOOKMARK [3][-]{subsubsection.7.5.2.4}{\376\377\0007\000.\0005\000.\0002\000.\0004\000\040\000g\000e\000t\000T\000i\000m\000e\000s\000t\000a\000m\000p\000\050\000\051}{subsection.7.5.2}% 54
\BOOKMARK [3][-]{subsubsection.7.5.2.5}{\376\377\0007\000.\0005\000.\0002\000.\0005\000\040\000s\000e\000t\000C\000o\000d\000i\000g\000o\000\050\000\051}{subsection.7.5.2}% 55
\BOOKMARK [3][-]{subsubsection.7.5.2.6}{\376\377\0007\000.\0005\000.\0002\000.\0006\000\040\000s\000e\000t\000I\000d\000\050\000\051}{subsection.7.5.2}% 56
\BOOKMARK [3][-]{subsubsection.7.5.2.7}{\376\377\0007\000.\0005\000.\0002\000.\0007\000\040\000s\000e\000t\000L\000o\000c\000a\000t\000i\000o\000n\000\050\000\051}{subsection.7.5.2}% 57
\BOOKMARK [3][-]{subsubsection.7.5.2.8}{\376\377\0007\000.\0005\000.\0002\000.\0008\000\040\000s\000e\000t\000T\000i\000m\000e\000s\000t\000a\000m\000p\000\050\000\051}{subsection.7.5.2}% 58
\BOOKMARK [1][-]{section.7.6}{\376\377\0007\000.\0006\000\040\000R\000e\000f\000e\000r\000e\000n\000c\000i\000a\000\040\000d\000e\000\040\000l\000a\000\040\000e\000n\000u\000m\000e\000r\000a\000c\000i\000\363\000n\000\040\000c\000o\000m\000.\000e\000x\000a\000m\000p\000l\000e\000.\000u\000s\000u\000a\000r\000i\000o\000\137\000u\000p\000v\000.\000p\000r\000o\000y\000e\000c\000t\000o\0003\000a\000.\000A\000l\000e\000r\000t\000a\000s}{chapter.7}% 59
\BOOKMARK [2][-]{subsection.7.6.1}{\376\377\0007\000.\0006\000.\0001\000\040\000D\000o\000c\000u\000m\000e\000n\000t\000a\000c\000i\000\363\000n\000\040\000d\000e\000\040\000c\000o\000n\000s\000t\000r\000u\000c\000t\000o\000r\000e\000s\000\040\000y\000\040\000d\000e\000s\000t\000r\000u\000c\000t\000o\000r\000e\000s}{section.7.6}% 60
\BOOKMARK [3][-]{subsubsection.7.6.1.1}{\376\377\0007\000.\0006\000.\0001\000.\0001\000\040\000A\000l\000e\000r\000t\000a\000s\000\050\000\051\000\040\000[\0001\000/\0002\000]}{subsection.7.6.1}% 61
\BOOKMARK [3][-]{subsubsection.7.6.1.2}{\376\377\0007\000.\0006\000.\0001\000.\0002\000\040\000A\000l\000e\000r\000t\000a\000s\000\050\000\051\000\040\000[\0002\000/\0002\000]}{subsection.7.6.1}% 62
\BOOKMARK [2][-]{subsection.7.6.2}{\376\377\0007\000.\0006\000.\0002\000\040\000D\000o\000c\000u\000m\000e\000n\000t\000a\000c\000i\000\363\000n\000\040\000d\000e\000\040\000f\000u\000n\000c\000i\000o\000n\000e\000s\000\040\000m\000i\000e\000m\000b\000r\000o}{section.7.6}% 63
\BOOKMARK [3][-]{subsubsection.7.6.2.1}{\376\377\0007\000.\0006\000.\0002\000.\0001\000\040\000d\000e\000s\000c\000r\000i\000b\000e\000C\000o\000n\000t\000e\000n\000t\000s\000\050\000\051}{subsection.7.6.2}% 64
\BOOKMARK [3][-]{subsubsection.7.6.2.2}{\376\377\0007\000.\0006\000.\0002\000.\0002\000\040\000g\000e\000t\000C\000o\000d\000i\000g\000o\000\050\000\051}{subsection.7.6.2}% 65
\BOOKMARK [3][-]{subsubsection.7.6.2.3}{\376\377\0007\000.\0006\000.\0002\000.\0003\000\040\000g\000e\000t\000M\000e\000n\000s\000a\000j\000e\000\050\000\051}{subsection.7.6.2}% 66
\BOOKMARK [3][-]{subsubsection.7.6.2.4}{\376\377\0007\000.\0006\000.\0002\000.\0004\000\040\000w\000r\000i\000t\000e\000T\000o\000P\000a\000r\000c\000e\000l\000\050\000\051}{subsection.7.6.2}% 67
\BOOKMARK [2][-]{subsection.7.6.3}{\376\377\0007\000.\0006\000.\0003\000\040\000D\000o\000c\000u\000m\000e\000n\000t\000a\000c\000i\000\363\000n\000\040\000d\000e\000\040\000d\000a\000t\000o\000s\000\040\000m\000i\000e\000m\000b\000r\000o}{section.7.6}% 68
\BOOKMARK [3][-]{subsubsection.7.6.3.1}{\376\377\0007\000.\0006\000.\0003\000.\0001\000\040\000B\000E\000A\000C\000O\000N\000\137\000N\000O\000\137\000E\000N\000V\000I\000A\000N\000D\000O}{subsection.7.6.3}% 69
\BOOKMARK [3][-]{subsubsection.7.6.3.2}{\376\377\0007\000.\0006\000.\0003\000.\0002\000\040\000C\000R\000E\000A\000T\000O\000R}{subsection.7.6.3}% 70
\BOOKMARK [3][-]{subsubsection.7.6.3.3}{\376\377\0007\000.\0006\000.\0003\000.\0003\000\040\000O\000Z\000O\000N\000O\000\137\000A\000L\000T\000O}{subsection.7.6.3}% 71
\BOOKMARK [3][-]{subsubsection.7.6.3.4}{\376\377\0007\000.\0006\000.\0003\000.\0004\000\040\000O\000Z\000O\000N\000O\000\137\000B\000A\000J\000O}{subsection.7.6.3}% 72
\BOOKMARK [3][-]{subsubsection.7.6.3.5}{\376\377\0007\000.\0006\000.\0003\000.\0005\000\040\000T\000E\000M\000P\000E\000R\000A\000T\000U\000R\000A\000\137\000A\000L\000T\000A}{subsection.7.6.3}% 73
\BOOKMARK [3][-]{subsubsection.7.6.3.6}{\376\377\0007\000.\0006\000.\0003\000.\0006\000\040\000T\000E\000M\000P\000E\000R\000A\000T\000U\000R\000A\000\137\000B\000A\000J\000A}{subsection.7.6.3}% 74
\BOOKMARK [1][-]{section.7.7}{\376\377\0007\000.\0007\000\040\000R\000e\000f\000e\000r\000e\000n\000c\000i\000a\000\040\000d\000e\000\040\000l\000a\000\040\000c\000l\000a\000s\000e\000\040\000c\000o\000m\000.\000e\000x\000a\000m\000p\000l\000e\000.\000u\000s\000u\000a\000r\000i\000o\000\137\000u\000p\000v\000.\000p\000r\000o\000y\000e\000c\000t\000o\0003\000a\000.\000A\000l\000e\000r\000t\000a\000s\000A\000d\000a\000p\000t\000e\000r}{chapter.7}% 75
\BOOKMARK [2][-]{subsection.7.7.1}{\376\377\0007\000.\0007\000.\0001\000\040\000D\000e\000s\000c\000r\000i\000p\000c\000i\000\363\000n\000\040\000d\000e\000t\000a\000l\000l\000a\000d\000a}{section.7.7}% 76
\BOOKMARK [2][-]{subsection.7.7.2}{\376\377\0007\000.\0007\000.\0002\000\040\000D\000o\000c\000u\000m\000e\000n\000t\000a\000c\000i\000\363\000n\000\040\000d\000e\000\040\000c\000o\000n\000s\000t\000r\000u\000c\000t\000o\000r\000e\000s\000\040\000y\000\040\000d\000e\000s\000t\000r\000u\000c\000t\000o\000r\000e\000s}{section.7.7}% 77
\BOOKMARK [3][-]{subsubsection.7.7.2.1}{\376\377\0007\000.\0007\000.\0002\000.\0001\000\040\000A\000l\000e\000r\000t\000a\000s\000A\000d\000a\000p\000t\000e\000r\000\050\000\051}{subsection.7.7.2}% 78
\BOOKMARK [2][-]{subsection.7.7.3}{\376\377\0007\000.\0007\000.\0003\000\040\000D\000o\000c\000u\000m\000e\000n\000t\000a\000c\000i\000\363\000n\000\040\000d\000e\000\040\000f\000u\000n\000c\000i\000o\000n\000e\000s\000\040\000m\000i\000e\000m\000b\000r\000o}{section.7.7}% 79
\BOOKMARK [3][-]{subsubsection.7.7.3.1}{\376\377\0007\000.\0007\000.\0003\000.\0001\000\040\000g\000e\000t\000I\000t\000e\000m\000C\000o\000u\000n\000t\000\050\000\051}{subsection.7.7.3}% 80
\BOOKMARK [3][-]{subsubsection.7.7.3.2}{\376\377\0007\000.\0007\000.\0003\000.\0002\000\040\000o\000n\000B\000i\000n\000d\000V\000i\000e\000w\000H\000o\000l\000d\000e\000r\000\050\000\051}{subsection.7.7.3}% 81
\BOOKMARK [3][-]{subsubsection.7.7.3.3}{\376\377\0007\000.\0007\000.\0003\000.\0003\000\040\000o\000n\000C\000r\000e\000a\000t\000e\000V\000i\000e\000w\000H\000o\000l\000d\000e\000r\000\050\000\051}{subsection.7.7.3}% 82
\BOOKMARK [1][-]{section.7.8}{\376\377\0007\000.\0008\000\040\000R\000e\000f\000e\000r\000e\000n\000c\000i\000a\000\040\000d\000e\000\040\000l\000a\000\040\000c\000l\000a\000s\000e\000\040\000c\000o\000m\000.\000e\000x\000a\000m\000p\000l\000e\000.\000u\000s\000u\000a\000r\000i\000o\000\137\000u\000p\000v\000.\000p\000r\000o\000y\000e\000c\000t\000o\0003\000a\000.\000B\000L\000E\000S\000e\000r\000v\000i\000c\000e}{chapter.7}% 83
\BOOKMARK [2][-]{subsection.7.8.1}{\376\377\0007\000.\0008\000.\0001\000\040\000D\000e\000s\000c\000r\000i\000p\000c\000i\000\363\000n\000\040\000d\000e\000t\000a\000l\000l\000a\000d\000a}{section.7.8}% 84
\BOOKMARK [2][-]{subsection.7.8.2}{\376\377\0007\000.\0008\000.\0002\000\040\000D\000o\000c\000u\000m\000e\000n\000t\000a\000c\000i\000\363\000n\000\040\000d\000e\000\040\000f\000u\000n\000c\000i\000o\000n\000e\000s\000\040\000m\000i\000e\000m\000b\000r\000o}{section.7.8}% 85
\BOOKMARK [3][-]{subsubsection.7.8.2.1}{\376\377\0007\000.\0008\000.\0002\000.\0001\000\040\000o\000n\000B\000i\000n\000d\000\050\000\051}{subsection.7.8.2}% 86
\BOOKMARK [3][-]{subsubsection.7.8.2.2}{\376\377\0007\000.\0008\000.\0002\000.\0002\000\040\000o\000n\000C\000r\000e\000a\000t\000e\000\050\000\051}{subsection.7.8.2}% 87
\BOOKMARK [3][-]{subsubsection.7.8.2.3}{\376\377\0007\000.\0008\000.\0002\000.\0003\000\040\000o\000n\000D\000e\000s\000t\000r\000o\000y\000\050\000\051}{subsection.7.8.2}% 88
\BOOKMARK [3][-]{subsubsection.7.8.2.4}{\376\377\0007\000.\0008\000.\0002\000.\0004\000\040\000o\000n\000S\000t\000a\000r\000t\000C\000o\000m\000m\000a\000n\000d\000\050\000\051}{subsection.7.8.2}% 89
\BOOKMARK [3][-]{subsubsection.7.8.2.5}{\376\377\0007\000.\0008\000.\0002\000.\0005\000\040\000r\000e\000c\000i\000b\000i\000r\000D\000a\000t\000o\000s\000D\000e\000S\000e\000n\000s\000o\000r\000\050\000\051}{subsection.7.8.2}% 90
\BOOKMARK [1][-]{section.7.9}{\376\377\0007\000.\0009\000\040\000R\000e\000f\000e\000r\000e\000n\000c\000i\000a\000\040\000d\000e\000\040\000l\000a\000\040\000c\000l\000a\000s\000e\000\040\000c\000o\000m\000.\000e\000x\000a\000m\000p\000l\000e\000.\000u\000s\000u\000a\000r\000i\000o\000\137\000u\000p\000v\000.\000p\000r\000o\000y\000e\000c\000t\000o\0003\000a\000.\000C\000o\000n\000f\000i\000g}{chapter.7}% 91
\BOOKMARK [2][-]{subsection.7.9.1}{\376\377\0007\000.\0009\000.\0001\000\040\000D\000e\000s\000c\000r\000i\000p\000c\000i\000\363\000n\000\040\000d\000e\000t\000a\000l\000l\000a\000d\000a}{section.7.9}% 92
\BOOKMARK [2][-]{subsection.7.9.2}{\376\377\0007\000.\0009\000.\0002\000\040\000D\000o\000c\000u\000m\000e\000n\000t\000a\000c\000i\000\363\000n\000\040\000d\000e\000\040\000d\000a\000t\000o\000s\000\040\000m\000i\000e\000m\000b\000r\000o}{section.7.9}% 93
\BOOKMARK [3][-]{subsubsection.7.9.2.1}{\376\377\0007\000.\0009\000.\0002\000.\0001\000\040\000B\000A\000S\000E\000\137\000U\000R\000L}{subsection.7.9.2}% 94
\BOOKMARK [3][-]{subsubsection.7.9.2.2}{\376\377\0007\000.\0009\000.\0002\000.\0002\000\040\000U\000U\000I\000D\000s}{subsection.7.9.2}% 95
\BOOKMARK [1][-]{section.7.10}{\376\377\0007\000.\0001\0000\000\040\000R\000e\000f\000e\000r\000e\000n\000c\000i\000a\000\040\000d\000e\000\040\000l\000a\000\040\000c\000l\000a\000s\000e\000\040\000c\000o\000m\000.\000e\000x\000a\000m\000p\000l\000e\000.\000u\000s\000u\000a\000r\000i\000o\000\137\000u\000p\000v\000.\000p\000r\000o\000y\000e\000c\000t\000o\0003\000a\000.\000L\000a\000n\000d\000i\000n\000g\000P\000a\000g\000e\000A\000c\000t\000i\000v\000i\000t\000y}{chapter.7}% 96
\BOOKMARK [2][-]{subsection.7.10.1}{\376\377\0007\000.\0001\0000\000.\0001\000\040\000D\000o\000c\000u\000m\000e\000n\000t\000a\000c\000i\000\363\000n\000\040\000d\000e\000\040\000f\000u\000n\000c\000i\000o\000n\000e\000s\000\040\000m\000i\000e\000m\000b\000r\000o}{section.7.10}% 97
\BOOKMARK [3][-]{subsubsection.7.10.1.1}{\376\377\0007\000.\0001\0000\000.\0001\000.\0001\000\040\000a\000c\000c\000e\000d\000e\000r\000A\000n\000o\000n\000i\000m\000o\000\050\000\051}{subsection.7.10.1}% 98
\BOOKMARK [3][-]{subsubsection.7.10.1.2}{\376\377\0007\000.\0001\0000\000.\0001\000.\0002\000\040\000a\000c\000t\000u\000a\000l\000i\000z\000a\000r\000I\000P\000\050\000\051}{subsection.7.10.1}% 99
\BOOKMARK [3][-]{subsubsection.7.10.1.3}{\376\377\0007\000.\0001\0000\000.\0001\000.\0003\000\040\000l\000a\000n\000z\000a\000r\000L\000o\000g\000i\000n\000\050\000\051}{subsection.7.10.1}% 100
\BOOKMARK [3][-]{subsubsection.7.10.1.4}{\376\377\0007\000.\0001\0000\000.\0001\000.\0004\000\040\000l\000a\000n\000z\000a\000r\000R\000e\000g\000i\000s\000t\000e\000r\000\050\000\051}{subsection.7.10.1}% 101
\BOOKMARK [3][-]{subsubsection.7.10.1.5}{\376\377\0007\000.\0001\0000\000.\0001\000.\0005\000\040\000o\000n\000C\000r\000e\000a\000t\000e\000\050\000\051}{subsection.7.10.1}% 102
\BOOKMARK [1][-]{section.7.11}{\376\377\0007\000.\0001\0001\000\040\000R\000e\000f\000e\000r\000e\000n\000c\000i\000a\000\040\000d\000e\000\040\000l\000a\000\040\000i\000n\000t\000e\000r\000f\000a\000c\000e\000\040\000c\000o\000m\000.\000e\000x\000a\000m\000p\000l\000e\000.\000u\000s\000u\000a\000r\000i\000o\000\137\000u\000p\000v\000.\000p\000r\000o\000y\000e\000c\000t\000o\0003\000a\000.\000L\000o\000g\000i\000c\000a\000F\000a\000k\000e}{chapter.7}% 103
\BOOKMARK [2][-]{subsection.7.11.1}{\376\377\0007\000.\0001\0001\000.\0001\000\040\000D\000e\000s\000c\000r\000i\000p\000c\000i\000\363\000n\000\040\000d\000e\000t\000a\000l\000l\000a\000d\000a}{section.7.11}% 104
\BOOKMARK [2][-]{subsection.7.11.2}{\376\377\0007\000.\0001\0001\000.\0002\000\040\000D\000o\000c\000u\000m\000e\000n\000t\000a\000c\000i\000\363\000n\000\040\000d\000e\000\040\000f\000u\000n\000c\000i\000o\000n\000e\000s\000\040\000m\000i\000e\000m\000b\000r\000o}{section.7.11}% 105
\BOOKMARK [3][-]{subsubsection.7.11.2.1}{\376\377\0007\000.\0001\0001\000.\0002\000.\0001\000\040\000a\000u\000t\000e\000n\000t\000i\000c\000a\000r\000U\000s\000u\000a\000r\000i\000o\000\050\000\051}{subsection.7.11.2}% 106
\BOOKMARK [3][-]{subsubsection.7.11.2.2}{\376\377\0007\000.\0001\0001\000.\0002\000.\0002\000\040\000c\000h\000e\000c\000k\000C\000o\000n\000n\000e\000c\000t\000i\000o\000n\000\050\000\051}{subsection.7.11.2}% 107
\BOOKMARK [3][-]{subsubsection.7.11.2.3}{\376\377\0007\000.\0001\0001\000.\0002\000.\0003\000\040\000c\000r\000e\000a\000t\000e\000S\000e\000n\000s\000o\000r\000\050\000\051}{subsection.7.11.2}% 108
\BOOKMARK [3][-]{subsubsection.7.11.2.4}{\376\377\0007\000.\0001\0001\000.\0002\000.\0004\000\040\000c\000r\000e\000a\000t\000e\000S\000e\000n\000s\000o\000r\000D\000a\000t\000a\000\050\000\051}{subsection.7.11.2}% 109
\BOOKMARK [3][-]{subsubsection.7.11.2.5}{\376\377\0007\000.\0001\0001\000.\0002\000.\0005\000\040\000c\000r\000e\000a\000t\000e\000U\000s\000e\000r\000D\000a\000t\000a\000\050\000\051}{subsection.7.11.2}% 110
\BOOKMARK [3][-]{subsubsection.7.11.2.6}{\376\377\0007\000.\0001\0001\000.\0002\000.\0006\000\040\000d\000e\000l\000e\000t\000e\000A\000l\000e\000r\000t\000\050\000\051}{subsection.7.11.2}% 111
\BOOKMARK [3][-]{subsubsection.7.11.2.7}{\376\377\0007\000.\0001\0001\000.\0002\000.\0007\000\040\000g\000e\000t\000U\000s\000e\000r\000A\000l\000e\000r\000t\000s\000\050\000\051}{subsection.7.11.2}% 112
\BOOKMARK [3][-]{subsubsection.7.11.2.8}{\376\377\0007\000.\0001\0001\000.\0002\000.\0008\000\040\000g\000e\000t\000U\000s\000e\000r\000D\000a\000t\000a\000\050\000\051}{subsection.7.11.2}% 113
\BOOKMARK [3][-]{subsubsection.7.11.2.9}{\376\377\0007\000.\0001\0001\000.\0002\000.\0009\000\040\000g\000e\000t\000U\000s\000e\000r\000S\000e\000n\000s\000o\000r\000s\000\050\000\051}{subsection.7.11.2}% 114
\BOOKMARK [3][-]{subsubsection.7.11.2.10}{\376\377\0007\000.\0001\0001\000.\0002\000.\0001\0000\000\040\000m\000e\000d\000i\000c\000i\000o\000n\000e\000s\000b\000b\000d\000d\000\050\000\051}{subsection.7.11.2}% 115
\BOOKMARK [3][-]{subsubsection.7.11.2.11}{\376\377\0007\000.\0001\0001\000.\0002\000.\0001\0001\000\040\000u\000p\000d\000a\000t\000e\000U\000s\000e\000r\000\050\000\051}{subsection.7.11.2}% 116
\BOOKMARK [3][-]{subsubsection.7.11.2.12}{\376\377\0007\000.\0001\0001\000.\0002\000.\0001\0002\000\040\000v\000e\000r\000i\000f\000y\000P\000a\000s\000s\000w\000o\000r\000d\000\050\000\051}{subsection.7.11.2}% 117
\BOOKMARK [1][-]{section.7.12}{\376\377\0007\000.\0001\0002\000\040\000R\000e\000f\000e\000r\000e\000n\000c\000i\000a\000\040\000d\000e\000\040\000l\000a\000\040\000c\000l\000a\000s\000e\000\040\000c\000o\000m\000.\000e\000x\000a\000m\000p\000l\000e\000.\000u\000s\000u\000a\000r\000i\000o\000\137\000u\000p\000v\000.\000p\000r\000o\000y\000e\000c\000t\000o\0003\000a\000.\000L\000o\000g\000i\000n\000A\000c\000t\000i\000v\000i\000t\000y}{chapter.7}% 118
\BOOKMARK [2][-]{subsection.7.12.1}{\376\377\0007\000.\0001\0002\000.\0001\000\040\000D\000e\000s\000c\000r\000i\000p\000c\000i\000\363\000n\000\040\000d\000e\000t\000a\000l\000l\000a\000d\000a}{section.7.12}% 119
\BOOKMARK [2][-]{subsection.7.12.2}{\376\377\0007\000.\0001\0002\000.\0002\000\040\000D\000o\000c\000u\000m\000e\000n\000t\000a\000c\000i\000\363\000n\000\040\000d\000e\000\040\000f\000u\000n\000c\000i\000o\000n\000e\000s\000\040\000m\000i\000e\000m\000b\000r\000o}{section.7.12}% 120
\BOOKMARK [3][-]{subsubsection.7.12.2.1}{\376\377\0007\000.\0001\0002\000.\0002\000.\0001\000\040\000o\000n\000C\000r\000e\000a\000t\000e\000\050\000\051}{subsection.7.12.2}% 121
\BOOKMARK [1][-]{section.7.13}{\376\377\0007\000.\0001\0003\000\040\000R\000e\000f\000e\000r\000e\000n\000c\000i\000a\000\040\000d\000e\000\040\000l\000a\000\040\000c\000l\000a\000s\000e\000\040\000c\000o\000m\000.\000e\000x\000a\000m\000p\000l\000e\000.\000u\000s\000u\000a\000r\000i\000o\000\137\000u\000p\000v\000.\000p\000r\000o\000y\000e\000c\000t\000o\0003\000a\000.\000M\000a\000i\000n\000A\000c\000t\000i\000v\000i\000t\000y}{chapter.7}% 122
\BOOKMARK [2][-]{subsection.7.13.1}{\376\377\0007\000.\0001\0003\000.\0001\000\040\000D\000e\000s\000c\000r\000i\000p\000c\000i\000\363\000n\000\040\000d\000e\000t\000a\000l\000l\000a\000d\000a}{section.7.13}% 123
\BOOKMARK [2][-]{subsection.7.13.2}{\376\377\0007\000.\0001\0003\000.\0002\000\040\000D\000o\000c\000u\000m\000e\000n\000t\000a\000c\000i\000\363\000n\000\040\000d\000e\000\040\000f\000u\000n\000c\000i\000o\000n\000e\000s\000\040\000m\000i\000e\000m\000b\000r\000o}{section.7.13}% 124
\BOOKMARK [3][-]{subsubsection.7.13.2.1}{\376\377\0007\000.\0001\0003\000.\0002\000.\0001\000\040\000i\000n\000i\000t\000i\000a\000l\000i\000z\000e\000A\000p\000p\000\050\000\051}{subsection.7.13.2}% 125
\BOOKMARK [3][-]{subsubsection.7.13.2.2}{\376\377\0007\000.\0001\0003\000.\0002\000.\0002\000\040\000o\000n\000C\000r\000e\000a\000t\000e\000\050\000\051}{subsection.7.13.2}% 126
\BOOKMARK [3][-]{subsubsection.7.13.2.3}{\376\377\0007\000.\0001\0003\000.\0002\000.\0003\000\040\000o\000n\000R\000e\000q\000u\000e\000s\000t\000P\000e\000r\000m\000i\000s\000s\000i\000o\000n\000s\000R\000e\000s\000u\000l\000t\000\050\000\051}{subsection.7.13.2}% 127
\BOOKMARK [2][-]{subsection.7.13.3}{\376\377\0007\000.\0001\0003\000.\0003\000\040\000D\000o\000c\000u\000m\000e\000n\000t\000a\000c\000i\000\363\000n\000\040\000d\000e\000\040\000d\000a\000t\000o\000s\000\040\000m\000i\000e\000m\000b\000r\000o}{section.7.13}% 128
\BOOKMARK [3][-]{subsubsection.7.13.3.1}{\376\377\0007\000.\0001\0003\000.\0003\000.\0001\000\040\000b\000e\000a\000c\000o\000n\000T\000e\000m\000p\000e\000r\000a\000t\000u\000r\000a\000A\000c\000t\000i\000v\000o}{subsection.7.13.3}% 129
\BOOKMARK [3][-]{subsubsection.7.13.3.2}{\376\377\0007\000.\0001\0003\000.\0003\000.\0002\000\040\000d\000a\000t\000o\0001}{subsection.7.13.3}% 130
\BOOKMARK [3][-]{subsubsection.7.13.3.3}{\376\377\0007\000.\0001\0003\000.\0003\000.\0003\000\040\000d\000a\000t\000o\0002}{subsection.7.13.3}% 131
\BOOKMARK [1][-]{section.7.14}{\376\377\0007\000.\0001\0004\000\040\000R\000e\000f\000e\000r\000e\000n\000c\000i\000a\000\040\000d\000e\000\040\000l\000a\000\040\000c\000l\000a\000s\000e\000\040\000c\000o\000m\000.\000e\000x\000a\000m\000p\000l\000e\000.\000u\000s\000u\000a\000r\000i\000o\000\137\000u\000p\000v\000.\000p\000r\000o\000y\000e\000c\000t\000o\0003\000a\000.\000M\000a\000i\000n\000A\000c\000t\000i\000v\000i\000t\000y\000.\000M\000i\000P\000a\000g\000e\000r\000A\000d\000a\000p\000t\000e\000r}{chapter.7}% 132
\BOOKMARK [2][-]{subsection.7.14.1}{\376\377\0007\000.\0001\0004\000.\0001\000\040\000D\000e\000s\000c\000r\000i\000p\000c\000i\000\363\000n\000\040\000d\000e\000t\000a\000l\000l\000a\000d\000a}{section.7.14}% 133
\BOOKMARK [2][-]{subsection.7.14.2}{\376\377\0007\000.\0001\0004\000.\0002\000\040\000D\000o\000c\000u\000m\000e\000n\000t\000a\000c\000i\000\363\000n\000\040\000d\000e\000\040\000c\000o\000n\000s\000t\000r\000u\000c\000t\000o\000r\000e\000s\000\040\000y\000\040\000d\000e\000s\000t\000r\000u\000c\000t\000o\000r\000e\000s}{section.7.14}% 134
\BOOKMARK [3][-]{subsubsection.7.14.2.1}{\376\377\0007\000.\0001\0004\000.\0002\000.\0001\000\040\000M\000i\000P\000a\000g\000e\000r\000A\000d\000a\000p\000t\000e\000r\000\050\000\051}{subsection.7.14.2}% 135
\BOOKMARK [2][-]{subsection.7.14.3}{\376\377\0007\000.\0001\0004\000.\0003\000\040\000D\000o\000c\000u\000m\000e\000n\000t\000a\000c\000i\000\363\000n\000\040\000d\000e\000\040\000f\000u\000n\000c\000i\000o\000n\000e\000s\000\040\000m\000i\000e\000m\000b\000r\000o}{section.7.14}% 136
\BOOKMARK [3][-]{subsubsection.7.14.3.1}{\376\377\0007\000.\0001\0004\000.\0003\000.\0001\000\040\000c\000r\000e\000a\000t\000e\000F\000r\000a\000g\000m\000e\000n\000t\000\050\000\051}{subsection.7.14.3}% 137
\BOOKMARK [3][-]{subsubsection.7.14.3.2}{\376\377\0007\000.\0001\0004\000.\0003\000.\0002\000\040\000g\000e\000t\000I\000t\000e\000m\000C\000o\000u\000n\000t\000\050\000\051}{subsection.7.14.3}% 138
\BOOKMARK [1][-]{section.7.15}{\376\377\0007\000.\0001\0005\000\040\000R\000e\000f\000e\000r\000e\000n\000c\000i\000a\000\040\000d\000e\000\040\000l\000a\000\040\000c\000l\000a\000s\000e\000\040\000c\000o\000m\000.\000e\000x\000a\000m\000p\000l\000e\000.\000u\000s\000u\000a\000r\000i\000o\000\137\000u\000p\000v\000.\000p\000r\000o\000y\000e\000c\000t\000o\0003\000a\000.\000N\000o\000t\000i\000f\000i\000c\000a\000t\000i\000o\000n\000R\000e\000c\000e\000i\000v\000e\000r}{chapter.7}% 139
\BOOKMARK [2][-]{subsection.7.15.1}{\376\377\0007\000.\0001\0005\000.\0001\000\040\000D\000e\000s\000c\000r\000i\000p\000c\000i\000\363\000n\000\040\000d\000e\000t\000a\000l\000l\000a\000d\000a}{section.7.15}% 140
\BOOKMARK [2][-]{subsection.7.15.2}{\376\377\0007\000.\0001\0005\000.\0002\000\040\000D\000o\000c\000u\000m\000e\000n\000t\000a\000c\000i\000\363\000n\000\040\000d\000e\000\040\000f\000u\000n\000c\000i\000o\000n\000e\000s\000\040\000m\000i\000e\000m\000b\000r\000o}{section.7.15}% 141
\BOOKMARK [3][-]{subsubsection.7.15.2.1}{\376\377\0007\000.\0001\0005\000.\0002\000.\0001\000\040\000o\000n\000R\000e\000c\000e\000i\000v\000e\000\050\000\051}{subsection.7.15.2}% 142
\BOOKMARK [1][-]{section.7.16}{\376\377\0007\000.\0001\0006\000\040\000R\000e\000f\000e\000r\000e\000n\000c\000i\000a\000\040\000d\000e\000\040\000l\000a\000\040\000i\000n\000t\000e\000r\000f\000a\000c\000e\000\040\000c\000o\000m\000.\000e\000x\000a\000m\000p\000l\000e\000.\000u\000s\000u\000a\000r\000i\000o\000\137\000u\000p\000v\000.\000p\000r\000o\000y\000e\000c\000t\000o\0003\000a\000.\000A\000l\000e\000r\000t\000a\000s\000A\000d\000a\000p\000t\000e\000r\000.\000O\000n\000A\000l\000e\000r\000t\000a\000s\000L\000i\000s\000t\000e\000n\000e\000r}{chapter.7}% 143
\BOOKMARK [2][-]{subsection.7.16.1}{\376\377\0007\000.\0001\0006\000.\0001\000\040\000D\000e\000s\000c\000r\000i\000p\000c\000i\000\363\000n\000\040\000d\000e\000t\000a\000l\000l\000a\000d\000a}{section.7.16}% 144
\BOOKMARK [2][-]{subsection.7.16.2}{\376\377\0007\000.\0001\0006\000.\0002\000\040\000D\000o\000c\000u\000m\000e\000n\000t\000a\000c\000i\000\363\000n\000\040\000d\000e\000\040\000f\000u\000n\000c\000i\000o\000n\000e\000s\000\040\000m\000i\000e\000m\000b\000r\000o}{section.7.16}% 145
\BOOKMARK [3][-]{subsubsection.7.16.2.1}{\376\377\0007\000.\0001\0006\000.\0002\000.\0001\000\040\000o\000n\000E\000l\000i\000m\000i\000n\000a\000r\000A\000l\000e\000r\000t\000a\000\050\000\051}{subsection.7.16.2}% 146
\BOOKMARK [1][-]{section.7.17}{\376\377\0007\000.\0001\0007\000\040\000R\000e\000f\000e\000r\000e\000n\000c\000i\000a\000\040\000d\000e\000\040\000l\000a\000\040\000i\000n\000t\000e\000r\000f\000a\000c\000e\000\040\000c\000o\000m\000.\000e\000x\000a\000m\000p\000l\000e\000.\000u\000s\000u\000a\000r\000i\000o\000\137\000u\000p\000v\000.\000p\000r\000o\000y\000e\000c\000t\000o\0003\000a\000.\000A\000j\000u\000s\000t\000e\000s\000A\000d\000a\000p\000t\000e\000r\000.\000O\000n\000I\000t\000e\000m\000C\000l\000i\000c\000k\000L\000i\000s\000t\000e\000n\000e\000r}{chapter.7}% 147
\BOOKMARK [2][-]{subsection.7.17.1}{\376\377\0007\000.\0001\0007\000.\0001\000\040\000D\000e\000s\000c\000r\000i\000p\000c\000i\000\363\000n\000\040\000d\000e\000t\000a\000l\000l\000a\000d\000a}{section.7.17}% 148
\BOOKMARK [2][-]{subsection.7.17.2}{\376\377\0007\000.\0001\0007\000.\0002\000\040\000D\000o\000c\000u\000m\000e\000n\000t\000a\000c\000i\000\363\000n\000\040\000d\000e\000\040\000f\000u\000n\000c\000i\000o\000n\000e\000s\000\040\000m\000i\000e\000m\000b\000r\000o}{section.7.17}% 149
\BOOKMARK [3][-]{subsubsection.7.17.2.1}{\376\377\0007\000.\0001\0007\000.\0002\000.\0001\000\040\000o\000n\000I\000t\000e\000m\000C\000l\000i\000c\000k\000\050\000\051}{subsection.7.17.2}% 150
\BOOKMARK [1][-]{section.7.18}{\376\377\0007\000.\0001\0008\000\040\000R\000e\000f\000e\000r\000e\000n\000c\000i\000a\000\040\000d\000e\000\040\000l\000a\000\040\000c\000l\000a\000s\000e\000\040\000c\000o\000m\000.\000e\000x\000a\000m\000p\000l\000e\000.\000u\000s\000u\000a\000r\000i\000o\000\137\000u\000p\000v\000.\000p\000r\000o\000y\000e\000c\000t\000o\0003\000a\000.\000P\000r\000i\000v\000a\000c\000i\000d\000a\000d}{chapter.7}% 151
\BOOKMARK [2][-]{subsection.7.18.1}{\376\377\0007\000.\0001\0008\000.\0001\000\040\000D\000e\000s\000c\000r\000i\000p\000c\000i\000\363\000n\000\040\000d\000e\000t\000a\000l\000l\000a\000d\000a}{section.7.18}% 152
\BOOKMARK [2][-]{subsection.7.18.2}{\376\377\0007\000.\0001\0008\000.\0002\000\040\000D\000o\000c\000u\000m\000e\000n\000t\000a\000c\000i\000\363\000n\000\040\000d\000e\000\040\000f\000u\000n\000c\000i\000o\000n\000e\000s\000\040\000m\000i\000e\000m\000b\000r\000o}{section.7.18}% 153
\BOOKMARK [3][-]{subsubsection.7.18.2.1}{\376\377\0007\000.\0001\0008\000.\0002\000.\0001\000\040\000o\000n\000C\000r\000e\000a\000t\000e\000\050\000\051}{subsection.7.18.2}% 154
\BOOKMARK [1][-]{section.7.19}{\376\377\0007\000.\0001\0009\000\040\000R\000e\000f\000e\000r\000e\000n\000c\000i\000a\000\040\000d\000e\000\040\000l\000a\000\040\000c\000l\000a\000s\000e\000\040\000c\000o\000m\000.\000e\000x\000a\000m\000p\000l\000e\000.\000u\000s\000u\000a\000r\000i\000o\000\137\000u\000p\000v\000.\000p\000r\000o\000y\000e\000c\000t\000o\0003\000a\000.\000R\000e\000g\000i\000s\000t\000e\000r\000A\000c\000t\000i\000v\000i\000t\000y}{chapter.7}% 155
\BOOKMARK [2][-]{subsection.7.19.1}{\376\377\0007\000.\0001\0009\000.\0001\000\040\000D\000e\000s\000c\000r\000i\000p\000c\000i\000\363\000n\000\040\000d\000e\000t\000a\000l\000l\000a\000d\000a}{section.7.19}% 156
\BOOKMARK [2][-]{subsection.7.19.2}{\376\377\0007\000.\0001\0009\000.\0002\000\040\000D\000o\000c\000u\000m\000e\000n\000t\000a\000c\000i\000\363\000n\000\040\000d\000e\000\040\000f\000u\000n\000c\000i\000o\000n\000e\000s\000\040\000m\000i\000e\000m\000b\000r\000o}{section.7.19}% 157
\BOOKMARK [3][-]{subsubsection.7.19.2.1}{\376\377\0007\000.\0001\0009\000.\0002\000.\0001\000\040\000o\000n\000C\000r\000e\000a\000t\000e\000\050\000\051}{subsection.7.19.2}% 158
\BOOKMARK [3][-]{subsubsection.7.19.2.2}{\376\377\0007\000.\0001\0009\000.\0002\000.\0002\000\040\000p\000r\000i\000v\000a\000c\000i\000d\000a\000d\000\050\000\051}{subsection.7.19.2}% 159
\BOOKMARK [1][-]{section.7.20}{\376\377\0007\000.\0002\0000\000\040\000R\000e\000f\000e\000r\000e\000n\000c\000i\000a\000\040\000d\000e\000\040\000l\000a\000\040\000c\000l\000a\000s\000e\000\040\000c\000o\000m\000.\000e\000x\000a\000m\000p\000l\000e\000.\000u\000s\000u\000a\000r\000i\000o\000\137\000u\000p\000v\000.\000p\000r\000o\000y\000e\000c\000t\000o\0003\000a\000.\000R\000e\000t\000r\000o\000f\000i\000t\000C\000l\000i\000e\000n\000t}{chapter.7}% 160
\BOOKMARK [2][-]{subsection.7.20.1}{\376\377\0007\000.\0002\0000\000.\0001\000\040\000D\000e\000s\000c\000r\000i\000p\000c\000i\000\363\000n\000\040\000d\000e\000t\000a\000l\000l\000a\000d\000a}{section.7.20}% 161
\BOOKMARK [2][-]{subsection.7.20.2}{\376\377\0007\000.\0002\0000\000.\0002\000\040\000D\000o\000c\000u\000m\000e\000n\000t\000a\000c\000i\000\363\000n\000\040\000d\000e\000\040\000f\000u\000n\000c\000i\000o\000n\000e\000s\000\040\000m\000i\000e\000m\000b\000r\000o}{section.7.20}% 162
\BOOKMARK [3][-]{subsubsection.7.20.2.1}{\376\377\0007\000.\0002\0000\000.\0002\000.\0001\000\040\000g\000e\000t\000C\000l\000i\000e\000n\000t\000\050\000\051}{subsection.7.20.2}% 163
\BOOKMARK [1][-]{section.7.21}{\376\377\0007\000.\0002\0001\000\040\000R\000e\000f\000e\000r\000e\000n\000c\000i\000a\000\040\000d\000e\000\040\000l\000a\000\040\000c\000l\000a\000s\000e\000\040\000c\000o\000m\000.\000e\000x\000a\000m\000p\000l\000e\000.\000u\000s\000u\000a\000r\000i\000o\000\137\000u\000p\000v\000.\000p\000r\000o\000y\000e\000c\000t\000o\0003\000a\000.\000S\000e\000n\000s\000o\000r}{chapter.7}% 164
\BOOKMARK [2][-]{subsection.7.21.1}{\376\377\0007\000.\0002\0001\000.\0001\000\040\000D\000e\000s\000c\000r\000i\000p\000c\000i\000\363\000n\000\040\000d\000e\000t\000a\000l\000l\000a\000d\000a}{section.7.21}% 165
\BOOKMARK [2][-]{subsection.7.21.2}{\376\377\0007\000.\0002\0001\000.\0002\000\040\000D\000o\000c\000u\000m\000e\000n\000t\000a\000c\000i\000\363\000n\000\040\000d\000e\000\040\000c\000o\000n\000s\000t\000r\000u\000c\000t\000o\000r\000e\000s\000\040\000y\000\040\000d\000e\000s\000t\000r\000u\000c\000t\000o\000r\000e\000s}{section.7.21}% 166
\BOOKMARK [3][-]{subsubsection.7.21.2.1}{\376\377\0007\000.\0002\0001\000.\0002\000.\0001\000\040\000S\000e\000n\000s\000o\000r\000\050\000\051}{subsection.7.21.2}% 167
\BOOKMARK [2][-]{subsection.7.21.3}{\376\377\0007\000.\0002\0001\000.\0003\000\040\000D\000o\000c\000u\000m\000e\000n\000t\000a\000c\000i\000\363\000n\000\040\000d\000e\000\040\000f\000u\000n\000c\000i\000o\000n\000e\000s\000\040\000m\000i\000e\000m\000b\000r\000o}{section.7.21}% 168
\BOOKMARK [3][-]{subsubsection.7.21.3.1}{\376\377\0007\000.\0002\0001\000.\0003\000.\0001\000\040\000g\000e\000t\000e\000m\000a\000i\000l\000\050\000\051}{subsection.7.21.3}% 169
\BOOKMARK [3][-]{subsubsection.7.21.3.2}{\376\377\0007\000.\0002\0001\000.\0003\000.\0002\000\040\000g\000e\000t\000U\000u\000i\000d\000\050\000\051}{subsection.7.21.3}% 170
\BOOKMARK [3][-]{subsubsection.7.21.3.3}{\376\377\0007\000.\0002\0001\000.\0003\000.\0003\000\040\000s\000e\000t\000e\000m\000a\000i\000l\000\050\000\051}{subsection.7.21.3}% 171
\BOOKMARK [3][-]{subsubsection.7.21.3.4}{\376\377\0007\000.\0002\0001\000.\0003\000.\0004\000\040\000s\000e\000t\000U\000u\000i\000d\000\050\000\051}{subsection.7.21.3}% 172
\BOOKMARK [1][-]{section.7.22}{\376\377\0007\000.\0002\0002\000\040\000R\000e\000f\000e\000r\000e\000n\000c\000i\000a\000\040\000d\000e\000\040\000l\000a\000\040\000c\000l\000a\000s\000e\000\040\000c\000o\000m\000.\000e\000x\000a\000m\000p\000l\000e\000.\000u\000s\000u\000a\000r\000i\000o\000\137\000u\000p\000v\000.\000p\000r\000o\000y\000e\000c\000t\000o\0003\000a\000.\000S\000e\000n\000s\000o\000r\000A\000d\000a\000p\000t\000e\000r}{chapter.7}% 173
\BOOKMARK [2][-]{subsection.7.22.1}{\376\377\0007\000.\0002\0002\000.\0001\000\040\000D\000e\000s\000c\000r\000i\000p\000c\000i\000\363\000n\000\040\000d\000e\000t\000a\000l\000l\000a\000d\000a}{section.7.22}% 174
\BOOKMARK [2][-]{subsection.7.22.2}{\376\377\0007\000.\0002\0002\000.\0002\000\040\000D\000o\000c\000u\000m\000e\000n\000t\000a\000c\000i\000\363\000n\000\040\000d\000e\000\040\000c\000o\000n\000s\000t\000r\000u\000c\000t\000o\000r\000e\000s\000\040\000y\000\040\000d\000e\000s\000t\000r\000u\000c\000t\000o\000r\000e\000s}{section.7.22}% 175
\BOOKMARK [3][-]{subsubsection.7.22.2.1}{\376\377\0007\000.\0002\0002\000.\0002\000.\0001\000\040\000S\000e\000n\000s\000o\000r\000A\000d\000a\000p\000t\000e\000r\000\050\000\051}{subsection.7.22.2}% 176
\BOOKMARK [2][-]{subsection.7.22.3}{\376\377\0007\000.\0002\0002\000.\0003\000\040\000D\000o\000c\000u\000m\000e\000n\000t\000a\000c\000i\000\363\000n\000\040\000d\000e\000\040\000f\000u\000n\000c\000i\000o\000n\000e\000s\000\040\000m\000i\000e\000m\000b\000r\000o}{section.7.22}% 177
\BOOKMARK [3][-]{subsubsection.7.22.3.1}{\376\377\0007\000.\0002\0002\000.\0003\000.\0001\000\040\000g\000e\000t\000I\000t\000e\000m\000C\000o\000u\000n\000t\000\050\000\051}{subsection.7.22.3}% 178
\BOOKMARK [3][-]{subsubsection.7.22.3.2}{\376\377\0007\000.\0002\0002\000.\0003\000.\0002\000\040\000o\000n\000B\000i\000n\000d\000V\000i\000e\000w\000H\000o\000l\000d\000e\000r\000\050\000\051}{subsection.7.22.3}% 179
\BOOKMARK [3][-]{subsubsection.7.22.3.3}{\376\377\0007\000.\0002\0002\000.\0003\000.\0003\000\040\000o\000n\000C\000r\000e\000a\000t\000e\000V\000i\000e\000w\000H\000o\000l\000d\000e\000r\000\050\000\051}{subsection.7.22.3}% 180
\BOOKMARK [1][-]{section.7.23}{\376\377\0007\000.\0002\0003\000\040\000R\000e\000f\000e\000r\000e\000n\000c\000i\000a\000\040\000d\000e\000\040\000l\000a\000\040\000c\000l\000a\000s\000e\000\040\000c\000o\000m\000.\000e\000x\000a\000m\000p\000l\000e\000.\000u\000s\000u\000a\000r\000i\000o\000\137\000u\000p\000v\000.\000p\000r\000o\000y\000e\000c\000t\000o\0003\000a\000.\000S\000e\000n\000s\000o\000r\000D\000a\000t\000a}{chapter.7}% 181
\BOOKMARK [2][-]{subsection.7.23.1}{\376\377\0007\000.\0002\0003\000.\0001\000\040\000D\000e\000s\000c\000r\000i\000p\000c\000i\000\363\000n\000\040\000d\000e\000t\000a\000l\000l\000a\000d\000a}{section.7.23}% 182
\BOOKMARK [2][-]{subsection.7.23.2}{\376\377\0007\000.\0002\0003\000.\0002\000\040\000D\000o\000c\000u\000m\000e\000n\000t\000a\000c\000i\000\363\000n\000\040\000d\000e\000\040\000c\000o\000n\000s\000t\000r\000u\000c\000t\000o\000r\000e\000s\000\040\000y\000\040\000d\000e\000s\000t\000r\000u\000c\000t\000o\000r\000e\000s}{section.7.23}% 183
\BOOKMARK [3][-]{subsubsection.7.23.2.1}{\376\377\0007\000.\0002\0003\000.\0002\000.\0001\000\040\000S\000e\000n\000s\000o\000r\000D\000a\000t\000a\000\050\000\051}{subsection.7.23.2}% 184
\BOOKMARK [2][-]{subsection.7.23.3}{\376\377\0007\000.\0002\0003\000.\0003\000\040\000D\000o\000c\000u\000m\000e\000n\000t\000a\000c\000i\000\363\000n\000\040\000d\000e\000\040\000f\000u\000n\000c\000i\000o\000n\000e\000s\000\040\000m\000i\000e\000m\000b\000r\000o}{section.7.23}% 185
\BOOKMARK [3][-]{subsubsection.7.23.3.1}{\376\377\0007\000.\0002\0003\000.\0003\000.\0001\000\040\000g\000e\000t\000L\000a\000t\000i\000t\000u\000d\000e\000\050\000\051}{subsection.7.23.3}% 186
\BOOKMARK [3][-]{subsubsection.7.23.3.2}{\376\377\0007\000.\0002\0003\000.\0003\000.\0002\000\040\000g\000e\000t\000L\000o\000c\000a\000t\000i\000o\000n\000\050\000\051}{subsection.7.23.3}% 187
\BOOKMARK [3][-]{subsubsection.7.23.3.3}{\376\377\0007\000.\0002\0003\000.\0003\000.\0003\000\040\000g\000e\000t\000L\000o\000n\000g\000i\000t\000u\000d\000e\000\050\000\051}{subsection.7.23.3}% 188
\BOOKMARK [3][-]{subsubsection.7.23.3.4}{\376\377\0007\000.\0002\0003\000.\0003\000.\0004\000\040\000g\000e\000t\000S\000e\000n\000s\000o\000r\000I\000d\000\050\000\051}{subsection.7.23.3}% 189
\BOOKMARK [3][-]{subsubsection.7.23.3.5}{\376\377\0007\000.\0002\0003\000.\0003\000.\0005\000\040\000g\000e\000t\000T\000i\000m\000e\000s\000t\000a\000m\000p\000\050\000\051}{subsection.7.23.3}% 190
\BOOKMARK [3][-]{subsubsection.7.23.3.6}{\376\377\0007\000.\0002\0003\000.\0003\000.\0006\000\040\000g\000e\000t\000T\000i\000p\000o\000\050\000\051}{subsection.7.23.3}% 191
\BOOKMARK [3][-]{subsubsection.7.23.3.7}{\376\377\0007\000.\0002\0003\000.\0003\000.\0007\000\040\000g\000e\000t\000V\000a\000l\000o\000r\000\050\000\051}{subsection.7.23.3}% 192
\BOOKMARK [1][-]{section.7.24}{\376\377\0007\000.\0002\0004\000\040\000R\000e\000f\000e\000r\000e\000n\000c\000i\000a\000\040\000d\000e\000\040\000l\000a\000\040\000c\000l\000a\000s\000e\000\040\000c\000o\000m\000.\000e\000x\000a\000m\000p\000l\000e\000.\000u\000s\000u\000a\000r\000i\000o\000\137\000u\000p\000v\000.\000p\000r\000o\000y\000e\000c\000t\000o\0003\000a\000.\000S\000p\000l\000a\000s\000h\000A\000c\000t\000i\000v\000i\000t\000y}{chapter.7}% 193
\BOOKMARK [2][-]{subsection.7.24.1}{\376\377\0007\000.\0002\0004\000.\0001\000\040\000D\000o\000c\000u\000m\000e\000n\000t\000a\000c\000i\000\363\000n\000\040\000d\000e\000\040\000f\000u\000n\000c\000i\000o\000n\000e\000s\000\040\000m\000i\000e\000m\000b\000r\000o}{section.7.24}% 194
\BOOKMARK [3][-]{subsubsection.7.24.1.1}{\376\377\0007\000.\0002\0004\000.\0001\000.\0001\000\040\000o\000n\000C\000r\000e\000a\000t\000e\000\050\000\051}{subsection.7.24.1}% 195
\BOOKMARK [3][-]{subsubsection.7.24.1.2}{\376\377\0007\000.\0002\0004\000.\0001\000.\0002\000\040\000o\000n\000P\000a\000u\000s\000e\000\050\000\051}{subsection.7.24.1}% 196
\BOOKMARK [3][-]{subsubsection.7.24.1.3}{\376\377\0007\000.\0002\0004\000.\0001\000.\0003\000\040\000o\000n\000R\000e\000s\000u\000m\000e\000\050\000\051}{subsection.7.24.1}% 197
\BOOKMARK [1][-]{section.7.25}{\376\377\0007\000.\0002\0005\000\040\000R\000e\000f\000e\000r\000e\000n\000c\000i\000a\000\040\000d\000e\000\040\000l\000a\000\040\000c\000l\000a\000s\000e\000\040\000c\000o\000m\000.\000e\000x\000a\000m\000p\000l\000e\000.\000u\000s\000u\000a\000r\000i\000o\000\137\000u\000p\000v\000.\000p\000r\000o\000y\000e\000c\000t\000o\0003\000a\000.\000T\000a\000b\0001}{chapter.7}% 198
\BOOKMARK [2][-]{subsection.7.25.1}{\376\377\0007\000.\0002\0005\000.\0001\000\040\000D\000e\000s\000c\000r\000i\000p\000c\000i\000\363\000n\000\040\000d\000e\000t\000a\000l\000l\000a\000d\000a}{section.7.25}% 199
\BOOKMARK [2][-]{subsection.7.25.2}{\376\377\0007\000.\0002\0005\000.\0002\000\040\000D\000o\000c\000u\000m\000e\000n\000t\000a\000c\000i\000\363\000n\000\040\000d\000e\000\040\000f\000u\000n\000c\000i\000o\000n\000e\000s\000\040\000m\000i\000e\000m\000b\000r\000o}{section.7.25}% 200
\BOOKMARK [3][-]{subsubsection.7.25.2.1}{\376\377\0007\000.\0002\0005\000.\0002\000.\0001\000\040\000o\000n\000C\000r\000e\000a\000t\000e\000V\000i\000e\000w\000\050\000\051}{subsection.7.25.2}% 201
\BOOKMARK [3][-]{subsubsection.7.25.2.2}{\376\377\0007\000.\0002\0005\000.\0002\000.\0002\000\040\000o\000n\000M\000a\000p\000R\000e\000a\000d\000y\000\050\000\051}{subsection.7.25.2}% 202
\BOOKMARK [3][-]{subsubsection.7.25.2.3}{\376\377\0007\000.\0002\0005\000.\0002\000.\0003\000\040\000o\000n\000V\000i\000e\000w\000C\000r\000e\000a\000t\000e\000d\000\050\000\051}{subsection.7.25.2}% 203
\BOOKMARK [1][-]{section.7.26}{\376\377\0007\000.\0002\0006\000\040\000R\000e\000f\000e\000r\000e\000n\000c\000i\000a\000\040\000d\000e\000\040\000l\000a\000\040\000c\000l\000a\000s\000e\000\040\000c\000o\000m\000.\000e\000x\000a\000m\000p\000l\000e\000.\000u\000s\000u\000a\000r\000i\000o\000\137\000u\000p\000v\000.\000p\000r\000o\000y\000e\000c\000t\000o\0003\000a\000.\000T\000a\000b\0003}{chapter.7}% 204
\BOOKMARK [2][-]{subsection.7.26.1}{\376\377\0007\000.\0002\0006\000.\0001\000\040\000D\000e\000s\000c\000r\000i\000p\000c\000i\000\363\000n\000\040\000d\000e\000t\000a\000l\000l\000a\000d\000a}{section.7.26}% 205
\BOOKMARK [2][-]{subsection.7.26.2}{\376\377\0007\000.\0002\0006\000.\0002\000\040\000D\000o\000c\000u\000m\000e\000n\000t\000a\000c\000i\000\363\000n\000\040\000d\000e\000\040\000f\000u\000n\000c\000i\000o\000n\000e\000s\000\040\000m\000i\000e\000m\000b\000r\000o}{section.7.26}% 206
\BOOKMARK [3][-]{subsubsection.7.26.2.1}{\376\377\0007\000.\0002\0006\000.\0002\000.\0001\000\040\000o\000n\000A\000c\000t\000i\000v\000i\000t\000y\000R\000e\000s\000u\000l\000t\000\050\000\051}{subsection.7.26.2}% 207
\BOOKMARK [3][-]{subsubsection.7.26.2.2}{\376\377\0007\000.\0002\0006\000.\0002\000.\0002\000\040\000o\000n\000C\000r\000e\000a\000t\000e\000V\000i\000e\000w\000\050\000\051}{subsection.7.26.2}% 208
\BOOKMARK [3][-]{subsubsection.7.26.2.3}{\376\377\0007\000.\0002\0006\000.\0002\000.\0003\000\040\000o\000n\000R\000e\000q\000u\000e\000s\000t\000P\000e\000r\000m\000i\000s\000s\000i\000o\000n\000s\000R\000e\000s\000u\000l\000t\000\050\000\051}{subsection.7.26.2}% 209
\BOOKMARK [3][-]{subsubsection.7.26.2.4}{\376\377\0007\000.\0002\0006\000.\0002\000.\0004\000\040\000p\000r\000o\000c\000e\000s\000a\000r\000B\000e\000a\000c\000o\000n\000\050\000\051}{subsection.7.26.2}% 210
\BOOKMARK [1][-]{section.7.27}{\376\377\0007\000.\0002\0007\000\040\000R\000e\000f\000e\000r\000e\000n\000c\000i\000a\000\040\000d\000e\000\040\000l\000a\000\040\000c\000l\000a\000s\000e\000\040\000c\000o\000m\000.\000e\000x\000a\000m\000p\000l\000e\000.\000u\000s\000u\000a\000r\000i\000o\000\137\000u\000p\000v\000.\000p\000r\000o\000y\000e\000c\000t\000o\0003\000a\000.\000T\000a\000b\0004}{chapter.7}% 211
\BOOKMARK [2][-]{subsection.7.27.1}{\376\377\0007\000.\0002\0007\000.\0001\000\040\000D\000e\000s\000c\000r\000i\000p\000c\000i\000\363\000n\000\040\000d\000e\000t\000a\000l\000l\000a\000d\000a}{section.7.27}% 212
\BOOKMARK [2][-]{subsection.7.27.2}{\376\377\0007\000.\0002\0007\000.\0002\000\040\000D\000o\000c\000u\000m\000e\000n\000t\000a\000c\000i\000\363\000n\000\040\000d\000e\000\040\000f\000u\000n\000c\000i\000o\000n\000e\000s\000\040\000m\000i\000e\000m\000b\000r\000o}{section.7.27}% 213
\BOOKMARK [3][-]{subsubsection.7.27.2.1}{\376\377\0007\000.\0002\0007\000.\0002\000.\0001\000\040\000o\000n\000C\000r\000e\000a\000t\000e\000V\000i\000e\000w\000\050\000\051}{subsection.7.27.2}% 214
\BOOKMARK [1][-]{section.7.28}{\376\377\0007\000.\0002\0008\000\040\000R\000e\000f\000e\000r\000e\000n\000c\000i\000a\000\040\000d\000e\000\040\000l\000a\000\040\000c\000l\000a\000s\000e\000\040\000c\000o\000m\000.\000e\000x\000a\000m\000p\000l\000e\000.\000u\000s\000u\000a\000r\000i\000o\000\137\000u\000p\000v\000.\000p\000r\000o\000y\000e\000c\000t\000o\0003\000a\000.\000T\000i\000m\000e\000r}{chapter.7}% 215
\BOOKMARK [2][-]{subsection.7.28.1}{\376\377\0007\000.\0002\0008\000.\0001\000\040\000D\000e\000s\000c\000r\000i\000p\000c\000i\000\363\000n\000\040\000d\000e\000t\000a\000l\000l\000a\000d\000a}{section.7.28}% 216
\BOOKMARK [2][-]{subsection.7.28.2}{\376\377\0007\000.\0002\0008\000.\0002\000\040\000D\000o\000c\000u\000m\000e\000n\000t\000a\000c\000i\000\363\000n\000\040\000d\000e\000\040\000c\000o\000n\000s\000t\000r\000u\000c\000t\000o\000r\000e\000s\000\040\000y\000\040\000d\000e\000s\000t\000r\000u\000c\000t\000o\000r\000e\000s}{section.7.28}% 217
\BOOKMARK [3][-]{subsubsection.7.28.2.1}{\376\377\0007\000.\0002\0008\000.\0002\000.\0001\000\040\000T\000i\000m\000e\000r\000\050\000\051}{subsection.7.28.2}% 218
\BOOKMARK [2][-]{subsection.7.28.3}{\376\377\0007\000.\0002\0008\000.\0003\000\040\000D\000o\000c\000u\000m\000e\000n\000t\000a\000c\000i\000\363\000n\000\040\000d\000e\000\040\000f\000u\000n\000c\000i\000o\000n\000e\000s\000\040\000m\000i\000e\000m\000b\000r\000o}{section.7.28}% 219
\BOOKMARK [3][-]{subsubsection.7.28.3.1}{\376\377\0007\000.\0002\0008\000.\0003\000.\0001\000\040\000s\000t\000a\000r\000t\000\050\000\051}{subsection.7.28.3}% 220
\BOOKMARK [3][-]{subsubsection.7.28.3.2}{\376\377\0007\000.\0002\0008\000.\0003\000.\0002\000\040\000s\000t\000o\000p\000\050\000\051}{subsection.7.28.3}% 221
\BOOKMARK [1][-]{section.7.29}{\376\377\0007\000.\0002\0009\000\040\000R\000e\000f\000e\000r\000e\000n\000c\000i\000a\000\040\000d\000e\000\040\000l\000a\000\040\000c\000l\000a\000s\000e\000\040\000c\000o\000m\000.\000e\000x\000a\000m\000p\000l\000e\000.\000u\000s\000u\000a\000r\000i\000o\000\137\000u\000p\000v\000.\000p\000r\000o\000y\000e\000c\000t\000o\0003\000a\000.\000T\000r\000a\000m\000a\000I\000B\000e\000a\000c\000o\000n}{chapter.7}% 222
\BOOKMARK [2][-]{subsection.7.29.1}{\376\377\0007\000.\0002\0009\000.\0001\000\040\000D\000e\000s\000c\000r\000i\000p\000c\000i\000\363\000n\000\040\000d\000e\000t\000a\000l\000l\000a\000d\000a}{section.7.29}% 223
\BOOKMARK [2][-]{subsection.7.29.2}{\376\377\0007\000.\0002\0009\000.\0002\000\040\000D\000o\000c\000u\000m\000e\000n\000t\000a\000c\000i\000\363\000n\000\040\000d\000e\000\040\000c\000o\000n\000s\000t\000r\000u\000c\000t\000o\000r\000e\000s\000\040\000y\000\040\000d\000e\000s\000t\000r\000u\000c\000t\000o\000r\000e\000s}{section.7.29}% 224
\BOOKMARK [3][-]{subsubsection.7.29.2.1}{\376\377\0007\000.\0002\0009\000.\0002\000.\0001\000\040\000T\000r\000a\000m\000a\000I\000B\000e\000a\000c\000o\000n\000\050\000\051}{subsection.7.29.2}% 225
\BOOKMARK [2][-]{subsection.7.29.3}{\376\377\0007\000.\0002\0009\000.\0003\000\040\000D\000o\000c\000u\000m\000e\000n\000t\000a\000c\000i\000\363\000n\000\040\000d\000e\000\040\000f\000u\000n\000c\000i\000o\000n\000e\000s\000\040\000m\000i\000e\000m\000b\000r\000o}{section.7.29}% 226
\BOOKMARK [3][-]{subsubsection.7.29.3.1}{\376\377\0007\000.\0002\0009\000.\0003\000.\0001\000\040\000g\000e\000t\000A\000d\000v\000F\000l\000a\000g\000s\000\050\000\051}{subsection.7.29.3}% 227
\BOOKMARK [3][-]{subsubsection.7.29.3.2}{\376\377\0007\000.\0002\0009\000.\0003\000.\0002\000\040\000g\000e\000t\000A\000d\000v\000H\000e\000a\000d\000e\000r\000\050\000\051}{subsection.7.29.3}% 228
\BOOKMARK [3][-]{subsubsection.7.29.3.3}{\376\377\0007\000.\0002\0009\000.\0003\000.\0003\000\040\000g\000e\000t\000C\000o\000m\000p\000a\000n\000y\000I\000D\000\050\000\051}{subsection.7.29.3}% 229
\BOOKMARK [3][-]{subsubsection.7.29.3.4}{\376\377\0007\000.\0002\0009\000.\0003\000.\0004\000\040\000g\000e\000t\000i\000B\000e\000a\000c\000o\000n\000L\000e\000n\000g\000t\000h\000\050\000\051}{subsection.7.29.3}% 230
\BOOKMARK [3][-]{subsubsection.7.29.3.5}{\376\377\0007\000.\0002\0009\000.\0003\000.\0005\000\040\000g\000e\000t\000i\000B\000e\000a\000c\000o\000n\000T\000y\000p\000e\000\050\000\051}{subsection.7.29.3}% 231
\BOOKMARK [3][-]{subsubsection.7.29.3.6}{\376\377\0007\000.\0002\0009\000.\0003\000.\0006\000\040\000g\000e\000t\000L\000o\000s\000B\000y\000t\000e\000s\000\050\000\051}{subsection.7.29.3}% 232
\BOOKMARK [3][-]{subsubsection.7.29.3.7}{\376\377\0007\000.\0002\0009\000.\0003\000.\0007\000\040\000g\000e\000t\000M\000a\000j\000o\000r\000\050\000\051}{subsection.7.29.3}% 233
\BOOKMARK [3][-]{subsubsection.7.29.3.8}{\376\377\0007\000.\0002\0009\000.\0003\000.\0008\000\040\000g\000e\000t\000M\000i\000n\000o\000r\000\050\000\051}{subsection.7.29.3}% 234
\BOOKMARK [3][-]{subsubsection.7.29.3.9}{\376\377\0007\000.\0002\0009\000.\0003\000.\0009\000\040\000g\000e\000t\000P\000r\000e\000f\000i\000j\000o\000\050\000\051}{subsection.7.29.3}% 235
\BOOKMARK [3][-]{subsubsection.7.29.3.10}{\376\377\0007\000.\0002\0009\000.\0003\000.\0001\0000\000\040\000g\000e\000t\000T\000x\000P\000o\000w\000e\000r\000\050\000\051}{subsection.7.29.3}% 236
\BOOKMARK [3][-]{subsubsection.7.29.3.11}{\376\377\0007\000.\0002\0009\000.\0003\000.\0001\0001\000\040\000g\000e\000t\000U\000U\000I\000D\000\050\000\051}{subsection.7.29.3}% 237
\BOOKMARK [3][-]{subsubsection.7.29.3.12}{\376\377\0007\000.\0002\0009\000.\0003\000.\0001\0002\000\040\000s\000e\000t\000M\000a\000j\000o\000r\000\050\000\051}{subsection.7.29.3}% 238
\BOOKMARK [3][-]{subsubsection.7.29.3.13}{\376\377\0007\000.\0002\0009\000.\0003\000.\0001\0003\000\040\000s\000e\000t\000M\000i\000n\000o\000r\000\050\000\051}{subsection.7.29.3}% 239
\BOOKMARK [1][-]{section.7.30}{\376\377\0007\000.\0003\0000\000\040\000R\000e\000f\000e\000r\000e\000n\000c\000i\000a\000\040\000d\000e\000\040\000l\000a\000\040\000c\000l\000a\000s\000e\000\040\000c\000o\000m\000.\000e\000x\000a\000m\000p\000l\000e\000.\000u\000s\000u\000a\000r\000i\000o\000\137\000u\000p\000v\000.\000p\000r\000o\000y\000e\000c\000t\000o\0003\000a\000.\000U\000s\000e\000r}{chapter.7}% 240
\BOOKMARK [2][-]{subsection.7.30.1}{\376\377\0007\000.\0003\0000\000.\0001\000\040\000D\000e\000s\000c\000r\000i\000p\000c\000i\000\363\000n\000\040\000d\000e\000t\000a\000l\000l\000a\000d\000a}{section.7.30}% 241
\BOOKMARK [2][-]{subsection.7.30.2}{\376\377\0007\000.\0003\0000\000.\0002\000\040\000D\000o\000c\000u\000m\000e\000n\000t\000a\000c\000i\000\363\000n\000\040\000d\000e\000\040\000c\000o\000n\000s\000t\000r\000u\000c\000t\000o\000r\000e\000s\000\040\000y\000\040\000d\000e\000s\000t\000r\000u\000c\000t\000o\000r\000e\000s}{section.7.30}% 242
\BOOKMARK [3][-]{subsubsection.7.30.2.1}{\376\377\0007\000.\0003\0000\000.\0002\000.\0001\000\040\000U\000s\000e\000r\000\050\000\051}{subsection.7.30.2}% 243
\BOOKMARK [2][-]{subsection.7.30.3}{\376\377\0007\000.\0003\0000\000.\0003\000\040\000D\000o\000c\000u\000m\000e\000n\000t\000a\000c\000i\000\363\000n\000\040\000d\000e\000\040\000f\000u\000n\000c\000i\000o\000n\000e\000s\000\040\000m\000i\000e\000m\000b\000r\000o}{section.7.30}% 244
\BOOKMARK [3][-]{subsubsection.7.30.3.1}{\376\377\0007\000.\0003\0000\000.\0003\000.\0001\000\040\000g\000e\000t\000E\000m\000a\000i\000l\000\050\000\051}{subsection.7.30.3}% 245
\BOOKMARK [3][-]{subsubsection.7.30.3.2}{\376\377\0007\000.\0003\0000\000.\0003\000.\0002\000\040\000g\000e\000t\000U\000s\000e\000r\000n\000a\000m\000e\000\050\000\051}{subsection.7.30.3}% 246
\BOOKMARK [3][-]{subsubsection.7.30.3.3}{\376\377\0007\000.\0003\0000\000.\0003\000.\0003\000\040\000i\000s\000V\000e\000r\000i\000f\000i\000e\000d\000\050\000\051}{subsection.7.30.3}% 247
\BOOKMARK [3][-]{subsubsection.7.30.3.4}{\376\377\0007\000.\0003\0000\000.\0003\000.\0004\000\040\000s\000e\000t\000E\000m\000a\000i\000l\000\050\000\051}{subsection.7.30.3}% 248
\BOOKMARK [3][-]{subsubsection.7.30.3.5}{\376\377\0007\000.\0003\0000\000.\0003\000.\0005\000\040\000s\000e\000t\000U\000s\000e\000r\000n\000a\000m\000e\000\050\000\051}{subsection.7.30.3}% 249
\BOOKMARK [3][-]{subsubsection.7.30.3.6}{\376\377\0007\000.\0003\0000\000.\0003\000.\0006\000\040\000s\000e\000t\000V\000e\000r\000i\000f\000i\000e\000d\000\050\000\051}{subsection.7.30.3}% 250
\BOOKMARK [3][-]{subsubsection.7.30.3.7}{\376\377\0007\000.\0003\0000\000.\0003\000.\0007\000\040\000t\000o\000S\000t\000r\000i\000n\000g\000\050\000\051}{subsection.7.30.3}% 251
\BOOKMARK [1][-]{section.7.31}{\376\377\0007\000.\0003\0001\000\040\000R\000e\000f\000e\000r\000e\000n\000c\000i\000a\000\040\000d\000e\000\040\000l\000a\000\040\000c\000l\000a\000s\000e\000\040\000c\000o\000m\000.\000e\000x\000a\000m\000p\000l\000e\000.\000u\000s\000u\000a\000r\000i\000o\000\137\000u\000p\000v\000.\000p\000r\000o\000y\000e\000c\000t\000o\0003\000a\000.\000U\000s\000e\000r\000C\000o\000n\000f\000i\000g}{chapter.7}% 252
\BOOKMARK [2][-]{subsection.7.31.1}{\376\377\0007\000.\0003\0001\000.\0001\000\040\000D\000e\000s\000c\000r\000i\000p\000c\000i\000\363\000n\000\040\000d\000e\000t\000a\000l\000l\000a\000d\000a}{section.7.31}% 253
\BOOKMARK [2][-]{subsection.7.31.2}{\376\377\0007\000.\0003\0001\000.\0002\000\040\000D\000o\000c\000u\000m\000e\000n\000t\000a\000c\000i\000\363\000n\000\040\000d\000e\000\040\000f\000u\000n\000c\000i\000o\000n\000e\000s\000\040\000m\000i\000e\000m\000b\000r\000o}{section.7.31}% 254
\BOOKMARK [3][-]{subsubsection.7.31.2.1}{\376\377\0007\000.\0003\0001\000.\0002\000.\0001\000\040\000o\000n\000C\000r\000e\000a\000t\000e\000\050\000\051}{subsection.7.31.2}% 255
\BOOKMARK [3][-]{subsubsection.7.31.2.2}{\376\377\0007\000.\0003\0001\000.\0002\000.\0002\000\040\000o\000n\000O\000p\000t\000i\000o\000n\000s\000I\000t\000e\000m\000S\000e\000l\000e\000c\000t\000e\000d\000\050\000\051}{subsection.7.31.2}% 256
\BOOKMARK [1][-]{section.7.32}{\376\377\0007\000.\0003\0002\000\040\000R\000e\000f\000e\000r\000e\000n\000c\000i\000a\000\040\000d\000e\000\040\000l\000a\000\040\000c\000l\000a\000s\000e\000\040\000c\000o\000m\000.\000e\000x\000a\000m\000p\000l\000e\000.\000u\000s\000u\000a\000r\000i\000o\000\137\000u\000p\000v\000.\000p\000r\000o\000y\000e\000c\000t\000o\0003\000a\000.\000U\000s\000e\000r\000D\000a\000t\000a}{chapter.7}% 257
\BOOKMARK [2][-]{subsection.7.32.1}{\376\377\0007\000.\0003\0002\000.\0001\000\040\000D\000e\000s\000c\000r\000i\000p\000c\000i\000\363\000n\000\040\000d\000e\000t\000a\000l\000l\000a\000d\000a}{section.7.32}% 258
\BOOKMARK [2][-]{subsection.7.32.2}{\376\377\0007\000.\0003\0002\000.\0002\000\040\000D\000o\000c\000u\000m\000e\000n\000t\000a\000c\000i\000\363\000n\000\040\000d\000e\000\040\000c\000o\000n\000s\000t\000r\000u\000c\000t\000o\000r\000e\000s\000\040\000y\000\040\000d\000e\000s\000t\000r\000u\000c\000t\000o\000r\000e\000s}{section.7.32}% 259
\BOOKMARK [3][-]{subsubsection.7.32.2.1}{\376\377\0007\000.\0003\0002\000.\0002\000.\0001\000\040\000U\000s\000e\000r\000D\000a\000t\000a\000\050\000\051}{subsection.7.32.2}% 260
\BOOKMARK [2][-]{subsection.7.32.3}{\376\377\0007\000.\0003\0002\000.\0003\000\040\000D\000o\000c\000u\000m\000e\000n\000t\000a\000c\000i\000\363\000n\000\040\000d\000e\000\040\000f\000u\000n\000c\000i\000o\000n\000e\000s\000\040\000m\000i\000e\000m\000b\000r\000o}{section.7.32}% 261
\BOOKMARK [3][-]{subsubsection.7.32.3.1}{\376\377\0007\000.\0003\0002\000.\0003\000.\0001\000\040\000g\000e\000t\000E\000m\000a\000i\000l\000\050\000\051}{subsection.7.32.3}% 262
\BOOKMARK [3][-]{subsubsection.7.32.3.2}{\376\377\0007\000.\0003\0002\000.\0003\000.\0002\000\040\000g\000e\000t\000P\000a\000s\000s\000w\000o\000r\000d\000\050\000\051}{subsection.7.32.3}% 263
\BOOKMARK [3][-]{subsubsection.7.32.3.3}{\376\377\0007\000.\0003\0002\000.\0003\000.\0003\000\040\000g\000e\000t\000u\000s\000e\000r\000n\000a\000m\000e\000\050\000\051}{subsection.7.32.3}% 264
\BOOKMARK [3][-]{subsubsection.7.32.3.4}{\376\377\0007\000.\0003\0002\000.\0003\000.\0004\000\040\000s\000e\000t\000E\000m\000a\000i\000l\000\050\000\051}{subsection.7.32.3}% 265
\BOOKMARK [3][-]{subsubsection.7.32.3.5}{\376\377\0007\000.\0003\0002\000.\0003\000.\0005\000\040\000s\000e\000t\000P\000a\000s\000s\000w\000o\000r\000d\000\050\000\051}{subsection.7.32.3}% 266
\BOOKMARK [3][-]{subsubsection.7.32.3.6}{\376\377\0007\000.\0003\0002\000.\0003\000.\0006\000\040\000s\000e\000t\000u\000s\000e\000r\000n\000a\000m\000e\000\050\000\051}{subsection.7.32.3}% 267
\BOOKMARK [3][-]{subsubsection.7.32.3.7}{\376\377\0007\000.\0003\0002\000.\0003\000.\0007\000\040\000t\000o\000S\000t\000r\000i\000n\000g\000\050\000\051}{subsection.7.32.3}% 268
\BOOKMARK [1][-]{section.7.33}{\376\377\0007\000.\0003\0003\000\040\000R\000e\000f\000e\000r\000e\000n\000c\000i\000a\000\040\000d\000e\000\040\000l\000a\000\040\000c\000l\000a\000s\000e\000\040\000c\000o\000m\000.\000e\000x\000a\000m\000p\000l\000e\000.\000u\000s\000u\000a\000r\000i\000o\000\137\000u\000p\000v\000.\000p\000r\000o\000y\000e\000c\000t\000o\0003\000a\000.\000U\000t\000i\000l\000i\000d\000a\000d\000e\000s}{chapter.7}% 269
\BOOKMARK [2][-]{subsection.7.33.1}{\376\377\0007\000.\0003\0003\000.\0001\000\040\000D\000e\000s\000c\000r\000i\000p\000c\000i\000\363\000n\000\040\000d\000e\000t\000a\000l\000l\000a\000d\000a}{section.7.33}% 270
\BOOKMARK [2][-]{subsection.7.33.2}{\376\377\0007\000.\0003\0003\000.\0002\000\040\000D\000o\000c\000u\000m\000e\000n\000t\000a\000c\000i\000\363\000n\000\040\000d\000e\000\040\000f\000u\000n\000c\000i\000o\000n\000e\000s\000\040\000m\000i\000e\000m\000b\000r\000o}{section.7.33}% 271
\BOOKMARK [3][-]{subsubsection.7.33.2.1}{\376\377\0007\000.\0003\0003\000.\0002\000.\0001\000\040\000b\000y\000t\000e\000s\000T\000o\000H\000e\000x\000S\000t\000r\000i\000n\000g\000\050\000\051}{subsection.7.33.2}% 272
\BOOKMARK [3][-]{subsubsection.7.33.2.2}{\376\377\0007\000.\0003\0003\000.\0002\000.\0002\000\040\000b\000y\000t\000e\000s\000T\000o\000I\000n\000t\000\050\000\051}{subsection.7.33.2}% 273
\BOOKMARK [3][-]{subsubsection.7.33.2.3}{\376\377\0007\000.\0003\0003\000.\0002\000.\0003\000\040\000b\000y\000t\000e\000s\000T\000o\000I\000n\000t\000O\000K\000\050\000\051}{subsection.7.33.2}% 274
\BOOKMARK [3][-]{subsubsection.7.33.2.4}{\376\377\0007\000.\0003\0003\000.\0002\000.\0004\000\040\000b\000y\000t\000e\000s\000T\000o\000L\000o\000n\000g\000\050\000\051}{subsection.7.33.2}% 275
\BOOKMARK [3][-]{subsubsection.7.33.2.5}{\376\377\0007\000.\0003\0003\000.\0002\000.\0005\000\040\000b\000y\000t\000e\000s\000T\000o\000S\000t\000r\000i\000n\000g\000\050\000\051}{subsection.7.33.2}% 276
\BOOKMARK [3][-]{subsubsection.7.33.2.6}{\376\377\0007\000.\0003\0003\000.\0002\000.\0006\000\040\000d\000o\000s\000L\000o\000n\000g\000T\000o\000B\000y\000t\000e\000s\000\050\000\051}{subsection.7.33.2}% 277
\BOOKMARK [3][-]{subsubsection.7.33.2.7}{\376\377\0007\000.\0003\0003\000.\0002\000.\0007\000\040\000s\000t\000r\000i\000n\000g\000T\000o\000B\000y\000t\000e\000s\000\050\000\051}{subsection.7.33.2}% 278
\BOOKMARK [3][-]{subsubsection.7.33.2.8}{\376\377\0007\000.\0003\0003\000.\0002\000.\0008\000\040\000s\000t\000r\000i\000n\000g\000T\000o\000U\000U\000I\000D\000\050\000\051}{subsection.7.33.2}% 279
\BOOKMARK [3][-]{subsubsection.7.33.2.9}{\376\377\0007\000.\0003\0003\000.\0002\000.\0009\000\040\000u\000u\000i\000d\000T\000o\000H\000e\000x\000S\000t\000r\000i\000n\000g\000\050\000\051}{subsection.7.33.2}% 280
\BOOKMARK [3][-]{subsubsection.7.33.2.10}{\376\377\0007\000.\0003\0003\000.\0002\000.\0001\0000\000\040\000u\000u\000i\000d\000T\000o\000S\000t\000r\000i\000n\000g\000\050\000\051}{subsection.7.33.2}% 281
\BOOKMARK [0][-]{chapter.8}{\376\377\0008\000\040\000D\000o\000c\000u\000m\000e\000n\000t\000a\000c\000i\000\363\000n\000\040\000d\000e\000\040\000a\000r\000c\000h\000i\000v\000o\000s}{}% 282
\BOOKMARK [1][-]{section.8.1}{\376\377\0008\000.\0001\000\040\000R\000e\000f\000e\000r\000e\000n\000c\000i\000a\000\040\000d\000e\000l\000\040\000a\000r\000c\000h\000i\000v\000o\000\040\000a\000p\000p\000/\000s\000r\000c\000/\000m\000a\000i\000n\000/\000j\000a\000v\000a\000/\000c\000o\000m\000/\000e\000x\000a\000m\000p\000l\000e\000/\000u\000s\000u\000a\000r\000i\000o\000\137\000u\000p\000v\000/\000p\000r\000o\000y\000e\000c\000t\000o\0003\000a\000/\000A\000c\000e\000r\000c\000a\000D\000e\000A\000c\000t\000i\000v\000i\000t\000y\000.\000j\000a\000v\000a}{chapter.8}% 283
\BOOKMARK [2][-]{subsection.8.1.1}{\376\377\0008\000.\0001\000.\0001\000\040\000D\000e\000s\000c\000r\000i\000p\000c\000i\000\363\000n\000\040\000d\000e\000t\000a\000l\000l\000a\000d\000a}{section.8.1}% 284
\BOOKMARK [1][-]{section.8.2}{\376\377\0008\000.\0002\000\040\000R\000e\000f\000e\000r\000e\000n\000c\000i\000a\000\040\000d\000e\000l\000\040\000a\000r\000c\000h\000i\000v\000o\000\040\000a\000p\000p\000/\000s\000r\000c\000/\000m\000a\000i\000n\000/\000j\000a\000v\000a\000/\000c\000o\000m\000/\000e\000x\000a\000m\000p\000l\000e\000/\000u\000s\000u\000a\000r\000i\000o\000\137\000u\000p\000v\000/\000p\000r\000o\000y\000e\000c\000t\000o\0003\000a\000/\000A\000j\000u\000s\000t\000e\000.\000j\000a\000v\000a}{chapter.8}% 285
\BOOKMARK [2][-]{subsection.8.2.1}{\376\377\0008\000.\0002\000.\0001\000\040\000D\000e\000s\000c\000r\000i\000p\000c\000i\000\363\000n\000\040\000d\000e\000t\000a\000l\000l\000a\000d\000a}{section.8.2}% 286
\BOOKMARK [1][-]{section.8.3}{\376\377\0008\000.\0003\000\040\000R\000e\000f\000e\000r\000e\000n\000c\000i\000a\000\040\000d\000e\000l\000\040\000a\000r\000c\000h\000i\000v\000o\000\040\000a\000p\000p\000/\000s\000r\000c\000/\000m\000a\000i\000n\000/\000j\000a\000v\000a\000/\000c\000o\000m\000/\000e\000x\000a\000m\000p\000l\000e\000/\000u\000s\000u\000a\000r\000i\000o\000\137\000u\000p\000v\000/\000p\000r\000o\000y\000e\000c\000t\000o\0003\000a\000/\000A\000j\000u\000s\000t\000e\000s\000A\000d\000a\000p\000t\000e\000r\000.\000j\000a\000v\000a}{chapter.8}% 287
\BOOKMARK [2][-]{subsection.8.3.1}{\376\377\0008\000.\0003\000.\0001\000\040\000D\000e\000s\000c\000r\000i\000p\000c\000i\000\363\000n\000\040\000d\000e\000t\000a\000l\000l\000a\000d\000a}{section.8.3}% 288
\BOOKMARK [1][-]{section.8.4}{\376\377\0008\000.\0004\000\040\000R\000e\000f\000e\000r\000e\000n\000c\000i\000a\000\040\000d\000e\000l\000\040\000a\000r\000c\000h\000i\000v\000o\000\040\000a\000p\000p\000/\000s\000r\000c\000/\000m\000a\000i\000n\000/\000j\000a\000v\000a\000/\000c\000o\000m\000/\000e\000x\000a\000m\000p\000l\000e\000/\000u\000s\000u\000a\000r\000i\000o\000\137\000u\000p\000v\000/\000p\000r\000o\000y\000e\000c\000t\000o\0003\000a\000/\000A\000l\000e\000r\000t\000A\000c\000t\000i\000v\000i\000t\000y\000.\000j\000a\000v\000a}{chapter.8}% 289
\BOOKMARK [2][-]{subsection.8.4.1}{\376\377\0008\000.\0004\000.\0001\000\040\000D\000e\000s\000c\000r\000i\000p\000c\000i\000\363\000n\000\040\000d\000e\000t\000a\000l\000l\000a\000d\000a}{section.8.4}% 290
\BOOKMARK [1][-]{section.8.5}{\376\377\0008\000.\0005\000\040\000R\000e\000f\000e\000r\000e\000n\000c\000i\000a\000\040\000d\000e\000l\000\040\000a\000r\000c\000h\000i\000v\000o\000\040\000a\000p\000p\000/\000s\000r\000c\000/\000m\000a\000i\000n\000/\000j\000a\000v\000a\000/\000c\000o\000m\000/\000e\000x\000a\000m\000p\000l\000e\000/\000u\000s\000u\000a\000r\000i\000o\000\137\000u\000p\000v\000/\000p\000r\000o\000y\000e\000c\000t\000o\0003\000a\000/\000A\000l\000e\000r\000t\000a\000D\000a\000t\000a\000.\000j\000a\000v\000a}{chapter.8}% 291
\BOOKMARK [2][-]{subsection.8.5.1}{\376\377\0008\000.\0005\000.\0001\000\040\000D\000e\000s\000c\000r\000i\000p\000c\000i\000\363\000n\000\040\000d\000e\000t\000a\000l\000l\000a\000d\000a}{section.8.5}% 292
\BOOKMARK [1][-]{section.8.6}{\376\377\0008\000.\0006\000\040\000R\000e\000f\000e\000r\000e\000n\000c\000i\000a\000\040\000d\000e\000l\000\040\000a\000r\000c\000h\000i\000v\000o\000\040\000a\000p\000p\000/\000s\000r\000c\000/\000m\000a\000i\000n\000/\000j\000a\000v\000a\000/\000c\000o\000m\000/\000e\000x\000a\000m\000p\000l\000e\000/\000u\000s\000u\000a\000r\000i\000o\000\137\000u\000p\000v\000/\000p\000r\000o\000y\000e\000c\000t\000o\0003\000a\000/\000A\000l\000e\000r\000t\000a\000s\000.\000j\000a\000v\000a}{chapter.8}% 293
\BOOKMARK [2][-]{subsection.8.6.1}{\376\377\0008\000.\0006\000.\0001\000\040\000D\000e\000s\000c\000r\000i\000p\000c\000i\000\363\000n\000\040\000d\000e\000t\000a\000l\000l\000a\000d\000a}{section.8.6}% 294
\BOOKMARK [1][-]{section.8.7}{\376\377\0008\000.\0007\000\040\000R\000e\000f\000e\000r\000e\000n\000c\000i\000a\000\040\000d\000e\000l\000\040\000a\000r\000c\000h\000i\000v\000o\000\040\000a\000p\000p\000/\000s\000r\000c\000/\000m\000a\000i\000n\000/\000j\000a\000v\000a\000/\000c\000o\000m\000/\000e\000x\000a\000m\000p\000l\000e\000/\000u\000s\000u\000a\000r\000i\000o\000\137\000u\000p\000v\000/\000p\000r\000o\000y\000e\000c\000t\000o\0003\000a\000/\000A\000l\000e\000r\000t\000a\000s\000A\000d\000a\000p\000t\000e\000r\000.\000j\000a\000v\000a}{chapter.8}% 295
\BOOKMARK [2][-]{subsection.8.7.1}{\376\377\0008\000.\0007\000.\0001\000\040\000D\000e\000s\000c\000r\000i\000p\000c\000i\000\363\000n\000\040\000d\000e\000t\000a\000l\000l\000a\000d\000a}{section.8.7}% 296
\BOOKMARK [1][-]{section.8.8}{\376\377\0008\000.\0008\000\040\000R\000e\000f\000e\000r\000e\000n\000c\000i\000a\000\040\000d\000e\000l\000\040\000a\000r\000c\000h\000i\000v\000o\000\040\000a\000p\000p\000/\000s\000r\000c\000/\000m\000a\000i\000n\000/\000j\000a\000v\000a\000/\000c\000o\000m\000/\000e\000x\000a\000m\000p\000l\000e\000/\000u\000s\000u\000a\000r\000i\000o\000\137\000u\000p\000v\000/\000p\000r\000o\000y\000e\000c\000t\000o\0003\000a\000/\000B\000L\000E\000S\000e\000r\000v\000i\000c\000e\000.\000j\000a\000v\000a}{chapter.8}% 297
\BOOKMARK [2][-]{subsection.8.8.1}{\376\377\0008\000.\0008\000.\0001\000\040\000D\000e\000s\000c\000r\000i\000p\000c\000i\000\363\000n\000\040\000d\000e\000t\000a\000l\000l\000a\000d\000a}{section.8.8}% 298
\BOOKMARK [1][-]{section.8.9}{\376\377\0008\000.\0009\000\040\000R\000e\000f\000e\000r\000e\000n\000c\000i\000a\000\040\000d\000e\000l\000\040\000a\000r\000c\000h\000i\000v\000o\000\040\000a\000p\000p\000/\000s\000r\000c\000/\000m\000a\000i\000n\000/\000j\000a\000v\000a\000/\000c\000o\000m\000/\000e\000x\000a\000m\000p\000l\000e\000/\000u\000s\000u\000a\000r\000i\000o\000\137\000u\000p\000v\000/\000p\000r\000o\000y\000e\000c\000t\000o\0003\000a\000/\000C\000o\000n\000f\000i\000g\000.\000j\000a\000v\000a}{chapter.8}% 299
\BOOKMARK [2][-]{subsection.8.9.1}{\376\377\0008\000.\0009\000.\0001\000\040\000D\000e\000s\000c\000r\000i\000p\000c\000i\000\363\000n\000\040\000d\000e\000t\000a\000l\000l\000a\000d\000a}{section.8.9}% 300
\BOOKMARK [1][-]{section.8.10}{\376\377\0008\000.\0001\0000\000\040\000R\000e\000f\000e\000r\000e\000n\000c\000i\000a\000\040\000d\000e\000l\000\040\000a\000r\000c\000h\000i\000v\000o\000\040\000a\000p\000p\000/\000s\000r\000c\000/\000m\000a\000i\000n\000/\000j\000a\000v\000a\000/\000c\000o\000m\000/\000e\000x\000a\000m\000p\000l\000e\000/\000u\000s\000u\000a\000r\000i\000o\000\137\000u\000p\000v\000/\000p\000r\000o\000y\000e\000c\000t\000o\0003\000a\000/\000L\000a\000n\000d\000i\000n\000g\000P\000a\000g\000e\000A\000c\000t\000i\000v\000i\000t\000y\000.\000j\000a\000v\000a}{chapter.8}% 301
\BOOKMARK [1][-]{section.8.11}{\376\377\0008\000.\0001\0001\000\040\000R\000e\000f\000e\000r\000e\000n\000c\000i\000a\000\040\000d\000e\000l\000\040\000a\000r\000c\000h\000i\000v\000o\000\040\000a\000p\000p\000/\000s\000r\000c\000/\000m\000a\000i\000n\000/\000j\000a\000v\000a\000/\000c\000o\000m\000/\000e\000x\000a\000m\000p\000l\000e\000/\000u\000s\000u\000a\000r\000i\000o\000\137\000u\000p\000v\000/\000p\000r\000o\000y\000e\000c\000t\000o\0003\000a\000/\000L\000o\000g\000i\000c\000a\000F\000a\000k\000e\000.\000j\000a\000v\000a}{chapter.8}% 302
\BOOKMARK [1][-]{section.8.12}{\376\377\0008\000.\0001\0002\000\040\000R\000e\000f\000e\000r\000e\000n\000c\000i\000a\000\040\000d\000e\000l\000\040\000a\000r\000c\000h\000i\000v\000o\000\040\000a\000p\000p\000/\000s\000r\000c\000/\000m\000a\000i\000n\000/\000j\000a\000v\000a\000/\000c\000o\000m\000/\000e\000x\000a\000m\000p\000l\000e\000/\000u\000s\000u\000a\000r\000i\000o\000\137\000u\000p\000v\000/\000p\000r\000o\000y\000e\000c\000t\000o\0003\000a\000/\000L\000o\000g\000i\000n\000A\000c\000t\000i\000v\000i\000t\000y\000.\000j\000a\000v\000a}{chapter.8}% 303
\BOOKMARK [2][-]{subsection.8.12.1}{\376\377\0008\000.\0001\0002\000.\0001\000\040\000D\000e\000s\000c\000r\000i\000p\000c\000i\000\363\000n\000\040\000d\000e\000t\000a\000l\000l\000a\000d\000a}{section.8.12}% 304
\BOOKMARK [1][-]{section.8.13}{\376\377\0008\000.\0001\0003\000\040\000R\000e\000f\000e\000r\000e\000n\000c\000i\000a\000\040\000d\000e\000l\000\040\000a\000r\000c\000h\000i\000v\000o\000\040\000a\000p\000p\000/\000s\000r\000c\000/\000m\000a\000i\000n\000/\000j\000a\000v\000a\000/\000c\000o\000m\000/\000e\000x\000a\000m\000p\000l\000e\000/\000u\000s\000u\000a\000r\000i\000o\000\137\000u\000p\000v\000/\000p\000r\000o\000y\000e\000c\000t\000o\0003\000a\000/\000M\000a\000i\000n\000A\000c\000t\000i\000v\000i\000t\000y\000.\000j\000a\000v\000a}{chapter.8}% 305
\BOOKMARK [1][-]{section.8.14}{\376\377\0008\000.\0001\0004\000\040\000R\000e\000f\000e\000r\000e\000n\000c\000i\000a\000\040\000d\000e\000l\000\040\000a\000r\000c\000h\000i\000v\000o\000\040\000a\000p\000p\000/\000s\000r\000c\000/\000m\000a\000i\000n\000/\000j\000a\000v\000a\000/\000c\000o\000m\000/\000e\000x\000a\000m\000p\000l\000e\000/\000u\000s\000u\000a\000r\000i\000o\000\137\000u\000p\000v\000/\000p\000r\000o\000y\000e\000c\000t\000o\0003\000a\000/\000N\000o\000t\000i\000f\000i\000c\000a\000t\000i\000o\000n\000R\000e\000c\000e\000i\000v\000e\000r\000.\000j\000a\000v\000a}{chapter.8}% 306
\BOOKMARK [1][-]{section.8.15}{\376\377\0008\000.\0001\0005\000\040\000R\000e\000f\000e\000r\000e\000n\000c\000i\000a\000\040\000d\000e\000l\000\040\000a\000r\000c\000h\000i\000v\000o\000\040\000a\000p\000p\000/\000s\000r\000c\000/\000m\000a\000i\000n\000/\000j\000a\000v\000a\000/\000c\000o\000m\000/\000e\000x\000a\000m\000p\000l\000e\000/\000u\000s\000u\000a\000r\000i\000o\000\137\000u\000p\000v\000/\000p\000r\000o\000y\000e\000c\000t\000o\0003\000a\000/\000P\000r\000i\000v\000a\000c\000i\000d\000a\000d\000.\000j\000a\000v\000a}{chapter.8}% 307
\BOOKMARK [2][-]{subsection.8.15.1}{\376\377\0008\000.\0001\0005\000.\0001\000\040\000D\000e\000s\000c\000r\000i\000p\000c\000i\000\363\000n\000\040\000d\000e\000t\000a\000l\000l\000a\000d\000a}{section.8.15}% 308
\BOOKMARK [1][-]{section.8.16}{\376\377\0008\000.\0001\0006\000\040\000R\000e\000f\000e\000r\000e\000n\000c\000i\000a\000\040\000d\000e\000l\000\040\000a\000r\000c\000h\000i\000v\000o\000\040\000a\000p\000p\000/\000s\000r\000c\000/\000m\000a\000i\000n\000/\000j\000a\000v\000a\000/\000c\000o\000m\000/\000e\000x\000a\000m\000p\000l\000e\000/\000u\000s\000u\000a\000r\000i\000o\000\137\000u\000p\000v\000/\000p\000r\000o\000y\000e\000c\000t\000o\0003\000a\000/\000R\000e\000g\000i\000s\000t\000e\000r\000A\000c\000t\000i\000v\000i\000t\000y\000.\000j\000a\000v\000a}{chapter.8}% 309
\BOOKMARK [2][-]{subsection.8.16.1}{\376\377\0008\000.\0001\0006\000.\0001\000\040\000D\000e\000s\000c\000r\000i\000p\000c\000i\000\363\000n\000\040\000d\000e\000t\000a\000l\000l\000a\000d\000a}{section.8.16}% 310
\BOOKMARK [1][-]{section.8.17}{\376\377\0008\000.\0001\0007\000\040\000R\000e\000f\000e\000r\000e\000n\000c\000i\000a\000\040\000d\000e\000l\000\040\000a\000r\000c\000h\000i\000v\000o\000\040\000a\000p\000p\000/\000s\000r\000c\000/\000m\000a\000i\000n\000/\000j\000a\000v\000a\000/\000c\000o\000m\000/\000e\000x\000a\000m\000p\000l\000e\000/\000u\000s\000u\000a\000r\000i\000o\000\137\000u\000p\000v\000/\000p\000r\000o\000y\000e\000c\000t\000o\0003\000a\000/\000R\000e\000t\000r\000o\000f\000i\000t\000C\000l\000i\000e\000n\000t\000.\000j\000a\000v\000a}{chapter.8}% 311
\BOOKMARK [1][-]{section.8.18}{\376\377\0008\000.\0001\0008\000\040\000R\000e\000f\000e\000r\000e\000n\000c\000i\000a\000\040\000d\000e\000l\000\040\000a\000r\000c\000h\000i\000v\000o\000\040\000a\000p\000p\000/\000s\000r\000c\000/\000m\000a\000i\000n\000/\000j\000a\000v\000a\000/\000c\000o\000m\000/\000e\000x\000a\000m\000p\000l\000e\000/\000u\000s\000u\000a\000r\000i\000o\000\137\000u\000p\000v\000/\000p\000r\000o\000y\000e\000c\000t\000o\0003\000a\000/\000S\000e\000n\000s\000o\000r\000.\000j\000a\000v\000a}{chapter.8}% 312
\BOOKMARK [1][-]{section.8.19}{\376\377\0008\000.\0001\0009\000\040\000R\000e\000f\000e\000r\000e\000n\000c\000i\000a\000\040\000d\000e\000l\000\040\000a\000r\000c\000h\000i\000v\000o\000\040\000a\000p\000p\000/\000s\000r\000c\000/\000m\000a\000i\000n\000/\000j\000a\000v\000a\000/\000c\000o\000m\000/\000e\000x\000a\000m\000p\000l\000e\000/\000u\000s\000u\000a\000r\000i\000o\000\137\000u\000p\000v\000/\000p\000r\000o\000y\000e\000c\000t\000o\0003\000a\000/\000S\000e\000n\000s\000o\000r\000A\000d\000a\000p\000t\000e\000r\000.\000j\000a\000v\000a}{chapter.8}% 313
\BOOKMARK [1][-]{section.8.20}{\376\377\0008\000.\0002\0000\000\040\000R\000e\000f\000e\000r\000e\000n\000c\000i\000a\000\040\000d\000e\000l\000\040\000a\000r\000c\000h\000i\000v\000o\000\040\000a\000p\000p\000/\000s\000r\000c\000/\000m\000a\000i\000n\000/\000j\000a\000v\000a\000/\000c\000o\000m\000/\000e\000x\000a\000m\000p\000l\000e\000/\000u\000s\000u\000a\000r\000i\000o\000\137\000u\000p\000v\000/\000p\000r\000o\000y\000e\000c\000t\000o\0003\000a\000/\000S\000e\000n\000s\000o\000r\000D\000a\000t\000a\000.\000j\000a\000v\000a}{chapter.8}% 314
\BOOKMARK [1][-]{section.8.21}{\376\377\0008\000.\0002\0001\000\040\000R\000e\000f\000e\000r\000e\000n\000c\000i\000a\000\040\000d\000e\000l\000\040\000a\000r\000c\000h\000i\000v\000o\000\040\000a\000p\000p\000/\000s\000r\000c\000/\000m\000a\000i\000n\000/\000j\000a\000v\000a\000/\000c\000o\000m\000/\000e\000x\000a\000m\000p\000l\000e\000/\000u\000s\000u\000a\000r\000i\000o\000\137\000u\000p\000v\000/\000p\000r\000o\000y\000e\000c\000t\000o\0003\000a\000/\000S\000p\000l\000a\000s\000h\000A\000c\000t\000i\000v\000i\000t\000y\000.\000j\000a\000v\000a}{chapter.8}% 315
\BOOKMARK [2][-]{subsection.8.21.1}{\376\377\0008\000.\0002\0001\000.\0001\000\040\000D\000e\000s\000c\000r\000i\000p\000c\000i\000\363\000n\000\040\000d\000e\000t\000a\000l\000l\000a\000d\000a}{section.8.21}% 316
\BOOKMARK [1][-]{section.8.22}{\376\377\0008\000.\0002\0002\000\040\000R\000e\000f\000e\000r\000e\000n\000c\000i\000a\000\040\000d\000e\000l\000\040\000a\000r\000c\000h\000i\000v\000o\000\040\000a\000p\000p\000/\000s\000r\000c\000/\000m\000a\000i\000n\000/\000j\000a\000v\000a\000/\000c\000o\000m\000/\000e\000x\000a\000m\000p\000l\000e\000/\000u\000s\000u\000a\000r\000i\000o\000\137\000u\000p\000v\000/\000p\000r\000o\000y\000e\000c\000t\000o\0003\000a\000/\000T\000a\000b\0001\000.\000j\000a\000v\000a}{chapter.8}% 317
\BOOKMARK [1][-]{section.8.23}{\376\377\0008\000.\0002\0003\000\040\000R\000e\000f\000e\000r\000e\000n\000c\000i\000a\000\040\000d\000e\000l\000\040\000a\000r\000c\000h\000i\000v\000o\000\040\000a\000p\000p\000/\000s\000r\000c\000/\000m\000a\000i\000n\000/\000j\000a\000v\000a\000/\000c\000o\000m\000/\000e\000x\000a\000m\000p\000l\000e\000/\000u\000s\000u\000a\000r\000i\000o\000\137\000u\000p\000v\000/\000p\000r\000o\000y\000e\000c\000t\000o\0003\000a\000/\000T\000a\000b\0003\000.\000j\000a\000v\000a}{chapter.8}% 318
\BOOKMARK [1][-]{section.8.24}{\376\377\0008\000.\0002\0004\000\040\000R\000e\000f\000e\000r\000e\000n\000c\000i\000a\000\040\000d\000e\000l\000\040\000a\000r\000c\000h\000i\000v\000o\000\040\000a\000p\000p\000/\000s\000r\000c\000/\000m\000a\000i\000n\000/\000j\000a\000v\000a\000/\000c\000o\000m\000/\000e\000x\000a\000m\000p\000l\000e\000/\000u\000s\000u\000a\000r\000i\000o\000\137\000u\000p\000v\000/\000p\000r\000o\000y\000e\000c\000t\000o\0003\000a\000/\000T\000a\000b\0004\000.\000j\000a\000v\000a}{chapter.8}% 319
\BOOKMARK [1][-]{section.8.25}{\376\377\0008\000.\0002\0005\000\040\000R\000e\000f\000e\000r\000e\000n\000c\000i\000a\000\040\000d\000e\000l\000\040\000a\000r\000c\000h\000i\000v\000o\000\040\000a\000p\000p\000/\000s\000r\000c\000/\000m\000a\000i\000n\000/\000j\000a\000v\000a\000/\000c\000o\000m\000/\000e\000x\000a\000m\000p\000l\000e\000/\000u\000s\000u\000a\000r\000i\000o\000\137\000u\000p\000v\000/\000p\000r\000o\000y\000e\000c\000t\000o\0003\000a\000/\000T\000i\000m\000e\000r\000.\000j\000a\000v\000a}{chapter.8}% 320
\BOOKMARK [1][-]{section.8.26}{\376\377\0008\000.\0002\0006\000\040\000R\000e\000f\000e\000r\000e\000n\000c\000i\000a\000\040\000d\000e\000l\000\040\000a\000r\000c\000h\000i\000v\000o\000\040\000a\000p\000p\000/\000s\000r\000c\000/\000m\000a\000i\000n\000/\000j\000a\000v\000a\000/\000c\000o\000m\000/\000e\000x\000a\000m\000p\000l\000e\000/\000u\000s\000u\000a\000r\000i\000o\000\137\000u\000p\000v\000/\000p\000r\000o\000y\000e\000c\000t\000o\0003\000a\000/\000T\000r\000a\000m\000a\000I\000B\000e\000a\000c\000o\000n\000.\000j\000a\000v\000a}{chapter.8}% 321
\BOOKMARK [1][-]{section.8.27}{\376\377\0008\000.\0002\0007\000\040\000R\000e\000f\000e\000r\000e\000n\000c\000i\000a\000\040\000d\000e\000l\000\040\000a\000r\000c\000h\000i\000v\000o\000\040\000a\000p\000p\000/\000s\000r\000c\000/\000m\000a\000i\000n\000/\000j\000a\000v\000a\000/\000c\000o\000m\000/\000e\000x\000a\000m\000p\000l\000e\000/\000u\000s\000u\000a\000r\000i\000o\000\137\000u\000p\000v\000/\000p\000r\000o\000y\000e\000c\000t\000o\0003\000a\000/\000U\000s\000e\000r\000.\000j\000a\000v\000a}{chapter.8}% 322
\BOOKMARK [1][-]{section.8.28}{\376\377\0008\000.\0002\0008\000\040\000R\000e\000f\000e\000r\000e\000n\000c\000i\000a\000\040\000d\000e\000l\000\040\000a\000r\000c\000h\000i\000v\000o\000\040\000a\000p\000p\000/\000s\000r\000c\000/\000m\000a\000i\000n\000/\000j\000a\000v\000a\000/\000c\000o\000m\000/\000e\000x\000a\000m\000p\000l\000e\000/\000u\000s\000u\000a\000r\000i\000o\000\137\000u\000p\000v\000/\000p\000r\000o\000y\000e\000c\000t\000o\0003\000a\000/\000U\000s\000e\000r\000C\000o\000n\000f\000i\000g\000.\000j\000a\000v\000a}{chapter.8}% 323
\BOOKMARK [1][-]{section.8.29}{\376\377\0008\000.\0002\0009\000\040\000R\000e\000f\000e\000r\000e\000n\000c\000i\000a\000\040\000d\000e\000l\000\040\000a\000r\000c\000h\000i\000v\000o\000\040\000a\000p\000p\000/\000s\000r\000c\000/\000m\000a\000i\000n\000/\000j\000a\000v\000a\000/\000c\000o\000m\000/\000e\000x\000a\000m\000p\000l\000e\000/\000u\000s\000u\000a\000r\000i\000o\000\137\000u\000p\000v\000/\000p\000r\000o\000y\000e\000c\000t\000o\0003\000a\000/\000U\000s\000e\000r\000D\000a\000t\000a\000.\000j\000a\000v\000a}{chapter.8}% 324
\BOOKMARK [2][-]{subsection.8.29.1}{\376\377\0008\000.\0002\0009\000.\0001\000\040\000D\000e\000s\000c\000r\000i\000p\000c\000i\000\363\000n\000\040\000d\000e\000t\000a\000l\000l\000a\000d\000a}{section.8.29}% 325
\BOOKMARK [1][-]{section.8.30}{\376\377\0008\000.\0003\0000\000\040\000R\000e\000f\000e\000r\000e\000n\000c\000i\000a\000\040\000d\000e\000l\000\040\000a\000r\000c\000h\000i\000v\000o\000\040\000a\000p\000p\000/\000s\000r\000c\000/\000m\000a\000i\000n\000/\000j\000a\000v\000a\000/\000c\000o\000m\000/\000e\000x\000a\000m\000p\000l\000e\000/\000u\000s\000u\000a\000r\000i\000o\000\137\000u\000p\000v\000/\000p\000r\000o\000y\000e\000c\000t\000o\0003\000a\000/\000U\000t\000i\000l\000i\000d\000a\000d\000e\000s\000.\000j\000a\000v\000a}{chapter.8}% 326
\BOOKMARK [1][-]{section.8.31}{\376\377\0008\000.\0003\0001\000\040\000R\000e\000f\000e\000r\000e\000n\000c\000i\000a\000\040\000d\000e\000l\000\040\000a\000r\000c\000h\000i\000v\000o\000\040\000R\000E\000A\000D\000M\000E\000.\000m\000d}{chapter.8}% 327
